<?xml version="1.0" encoding="UTF-8"?>
<TestRun id="56691ea4-3c47-48da-addd-22b71648837c" name="v-amalsu@MSA2305148-1 2010-04-26 21:44:26" runUser="FAREAST\v-amalsu" xmlns="http://microsoft.com/schemas/VisualStudio/TeamTest/2006">
  <TestRunConfiguration name="Local Test Run" id="b9a607c5-198a-483e-881f-484a0c7c0d45">
    <Description>This is a default test run configuration for a local test run.</Description>
    <Deployment runDeploymentRoot="D:\csharp-handson\rasika2\csharp\SampleLibApp\TestResults\v-amalsu_MSA2305148-1 2010-04-26 21_44_26">
      <DeploymentItem filename="D:\csharp-handson\rasika2\csharp\SampleLibApp\ClassLibrary1\bin\Debug\ClassLibrary1.dll" />
      <DeploymentItem filename="D:\csharp-handson\rasika2\csharp\SampleLibApp\WCFClientAPI\bin\Debug\WCFClientAPI.dll" />
    </Deployment>
    <TestTypeSpecific />
  </TestRunConfiguration>
  <ResultSummary outcome="Completed">
    <Counters total="1" executed="1" passed="1" error="0" failed="0" timeout="0" aborted="0" inconclusive="0" passedButRunAborted="0" notRunnable="0" notExecuted="0" disconnected="0" warning="0" completed="0" inProgress="0" pending="0" />
  </ResultSummary>
  <Times creation="2010-04-26T21:44:26.4690311+05:30" queuing="2010-04-26T21:44:26.6562314+05:30" start="2010-04-26T21:44:26.6718315+05:30" finish="2010-04-26T21:44:26.8434318+05:30" />
  <TestDefinitions>
    <UnitTest name="TestAddBook" storage="d:\csharp-handson\rasika2\csharp\samplelibapp\testlibrary\bin\debug\testlibrary.dll" id="9219ea8d-ca07-718e-60c4-1f2cb1da3842">
      <Css projectStructure="" iteration="" />
      <Owners>
        <Owner name="" />
      </Owners>
      <Execution id="1f3045e6-cc44-4419-bb5b-c6f6f0fbc262" />
      <TestMethod codeBase="D:\csharp-handson\rasika2\csharp\SampleLibApp\TestLibrary\bin\Debug\TestLibrary.dll" adapterTypeName="Microsoft.VisualStudio.TestTools.TestTypes.Unit.UnitTestAdapter, Microsoft.VisualStudio.QualityTools.Tips.UnitTest.Adapter, Version=9.0.0.0, Culture=neutral, PublicKeyToken=b03f5f7f11d50a3a" className="TestLibrary.LibraryBookTest, TestLibrary" name="TestAddBook" />
    </UnitTest>
  </TestDefinitions>
  <TestLists>
    <TestList name="Results Not in a List" id="8c84fa94-04c1-424b-9868-57a2d4851a1d" />
    <TestList name="All Loaded Results" id="19431567-8539-422a-85d7-44ee4e166bda" />
  </TestLists>
  <TestEntries>
    <TestEntry testId="9219ea8d-ca07-718e-60c4-1f2cb1da3842" executionId="1f3045e6-cc44-4419-bb5b-c6f6f0fbc262" testListId="8c84fa94-04c1-424b-9868-57a2d4851a1d" />
  </TestEntries>
  <Results>
    <UnitTestResult executionId="1f3045e6-cc44-4419-bb5b-c6f6f0fbc262" testId="9219ea8d-ca07-718e-60c4-1f2cb1da3842" testName="TestAddBook" computerName="MSA2305148-1" duration="00:00:00.0870158" startTime="2010-04-26T21:44:26.7030315+05:30" endTime="2010-04-26T21:44:26.8434318+05:30" testType="13cdc9d9-ddb5-4fa4-a97d-d965ccfc6d4b" outcome="Passed" testListId="8c84fa94-04c1-424b-9868-57a2d4851a1d">
      <Output>
      </Output>
    </UnitTestResult>
  </Results>
</TestRun>