<?xml version="1.0" encoding="UTF-8"?>
<TestRun id="49407ddd-216f-4dbc-96a4-f672ae47cbcf" name="v-amalsu@MSA2305148-1 2010-04-27 12:22:00" runUser="FAREAST\v-amalsu" xmlns="http://microsoft.com/schemas/VisualStudio/TeamTest/2006">
  <TestRunConfiguration name="Local Test Run" id="b9a607c5-198a-483e-881f-484a0c7c0d45">
    <Description>This is a default test run configuration for a local test run.</Description>
    <Deployment runDeploymentRoot="D:\csharp-handson\rasika2\csharp\SampleLibApp\TestResults\v-amalsu_MSA2305148-1 2010-04-27 12_22_00">
      <DeploymentItem filename="D:\csharp-handson\rasika2\csharp\SampleLibApp\ClassLibrary1\bin\Debug\ClassLibrary1.dll" />
      <DeploymentItem filename="D:\csharp-handson\rasika2\csharp\SampleLibApp\WCFClientAPI\bin\Debug\WCFClientAPI.dll" />
    </Deployment>
    <TestTypeSpecific />
  </TestRunConfiguration>
  <ResultSummary outcome="Aborted">
    <Counters total="1" executed="1" error="0" failed="0" timeout="0" aborted="1" inconclusive="0" passedButRunAborted="0" notRunnable="0" notExecuted="0" disconnected="0" warning="0" passed="0" completed="0" inProgress="0" pending="0" />
  </ResultSummary>
  <Times creation="2010-04-27T12:22:00.9500687+05:30" queuing="2010-04-27T12:22:02.2136606+05:30" start="2010-04-27T12:22:02.2448604+05:30" finish="2010-04-27T12:22:48.8105619+05:30" />
  <TestDefinitions>
    <UnitTest name="TestClientAPI" storage="d:\csharp-handson\rasika2\csharp\samplelibapp\testlibrary\bin\debug\testlibrary.dll" id="fef771e6-5c22-0a9c-6fd1-2764873310a1">
      <Css projectStructure="" iteration="" />
      <Owners>
        <Owner name="" />
      </Owners>
      <Execution id="c3ea444e-e2bd-410b-ac62-61ea55f70521" />
      <TestMethod codeBase="D:\csharp-handson\rasika2\csharp\SampleLibApp\TestLibrary\bin\Debug\TestLibrary.dll" adapterTypeName="Microsoft.VisualStudio.TestTools.TestTypes.Unit.UnitTestAdapter, Microsoft.VisualStudio.QualityTools.Tips.UnitTest.Adapter, Version=9.0.0.0, Culture=neutral, PublicKeyToken=b03f5f7f11d50a3a" className="com.library.TestLibrary.ClientLibraryTest, TestLibrary" name="TestClientAPI" />
    </UnitTest>
  </TestDefinitions>
  <TestLists>
    <TestList name="Results Not in a List" id="8c84fa94-04c1-424b-9868-57a2d4851a1d" />
    <TestList name="All Loaded Results" id="19431567-8539-422a-85d7-44ee4e166bda" />
  </TestLists>
  <TestEntries>
    <TestEntry testId="fef771e6-5c22-0a9c-6fd1-2764873310a1" executionId="c3ea444e-e2bd-410b-ac62-61ea55f70521" testListId="8c84fa94-04c1-424b-9868-57a2d4851a1d" />
  </TestEntries>
  <Results>
    <UnitTestResult executionId="c3ea444e-e2bd-410b-ac62-61ea55f70521" testId="fef771e6-5c22-0a9c-6fd1-2764873310a1" testName="TestClientAPI" computerName="MSA2305148-1" duration="00:00:24.8818405" startTime="2010-04-27T12:22:02.2604603+05:30" endTime="2010-04-27T12:22:27.1423008+05:30" testType="13cdc9d9-ddb5-4fa4-a97d-d965ccfc6d4b" outcome="Aborted" testListId="8c84fa94-04c1-424b-9868-57a2d4851a1d">
      <Output>
        <ErrorInfo>
          <Message>User aborted test run.</Message>
        </ErrorInfo>
      </Output>
    </UnitTestResult>
  </Results>
</TestRun>