<?xml version="1.0" encoding="UTF-8"?>
<TestRun id="81cad372-0712-463b-b374-060644e65be9" name="v-amalsu@MSA2305148-1 2010-04-26 21:44:58" runUser="FAREAST\v-amalsu" xmlns="http://microsoft.com/schemas/VisualStudio/TeamTest/2006">
  <TestRunConfiguration name="Local Test Run" id="b9a607c5-198a-483e-881f-484a0c7c0d45">
    <Description>This is a default test run configuration for a local test run.</Description>
    <Deployment runDeploymentRoot="D:\csharp-handson\rasika2\csharp\SampleLibApp\TestResults\v-amalsu_MSA2305148-1 2010-04-26 21_44_58">
      <DeploymentItem filename="D:\csharp-handson\rasika2\csharp\SampleLibApp\ClassLibrary1\bin\Debug\ClassLibrary1.dll" />
      <DeploymentItem filename="D:\csharp-handson\rasika2\csharp\SampleLibApp\WCFClientAPI\bin\Debug\WCFClientAPI.dll" />
    </Deployment>
    <TestTypeSpecific />
  </TestRunConfiguration>
  <ResultSummary outcome="Completed">
    <Counters total="1" executed="1" passed="1" error="0" failed="0" timeout="0" aborted="0" inconclusive="0" passedButRunAborted="0" notRunnable="0" notExecuted="0" disconnected="0" warning="0" completed="0" inProgress="0" pending="0" />
  </ResultSummary>
  <Times creation="2010-04-26T21:44:58.2462869+05:30" queuing="2010-04-26T21:44:59.7906896+05:30" start="2010-04-26T21:44:59.8062897+05:30" finish="2010-04-26T21:45:00.5394909+05:30" />
  <TestDefinitions>
    <UnitTest name="TestClientAPI" storage="d:\csharp-handson\rasika2\csharp\samplelibapp\testlibrary\bin\debug\testlibrary.dll" id="8e44ae32-a0ee-ecb4-8246-c385621ad65e">
      <Css projectStructure="" iteration="" />
      <Owners>
        <Owner name="" />
      </Owners>
      <Execution id="ebf4d1a9-5a4b-4d36-979f-9a0c680d2f7f" />
      <TestMethod codeBase="D:\csharp-handson\rasika2\csharp\SampleLibApp\TestLibrary\bin\Debug\TestLibrary.dll" adapterTypeName="Microsoft.VisualStudio.TestTools.TestTypes.Unit.UnitTestAdapter, Microsoft.VisualStudio.QualityTools.Tips.UnitTest.Adapter, Version=9.0.0.0, Culture=neutral, PublicKeyToken=b03f5f7f11d50a3a" className="TestLibrary.ClientLibraryTest, TestLibrary" name="TestClientAPI" />
    </UnitTest>
  </TestDefinitions>
  <TestLists>
    <TestList name="Results Not in a List" id="8c84fa94-04c1-424b-9868-57a2d4851a1d" />
    <TestList name="All Loaded Results" id="19431567-8539-422a-85d7-44ee4e166bda" />
  </TestLists>
  <TestEntries>
    <TestEntry testId="8e44ae32-a0ee-ecb4-8246-c385621ad65e" executionId="ebf4d1a9-5a4b-4d36-979f-9a0c680d2f7f" testListId="8c84fa94-04c1-424b-9868-57a2d4851a1d" />
  </TestEntries>
  <Results>
    <UnitTestResult executionId="ebf4d1a9-5a4b-4d36-979f-9a0c680d2f7f" testId="8e44ae32-a0ee-ecb4-8246-c385621ad65e" testName="TestClientAPI" computerName="MSA2305148-1" duration="00:00:00.6437034" startTime="2010-04-26T21:44:59.8218897+05:30" endTime="2010-04-26T21:45:00.5238909+05:30" testType="13cdc9d9-ddb5-4fa4-a97d-d965ccfc6d4b" outcome="Passed" testListId="8c84fa94-04c1-424b-9868-57a2d4851a1d">
      <Output>
      </Output>
    </UnitTestResult>
  </Results>
</TestRun>