<?xml version="1.0" encoding="UTF-8"?>
<TestRun id="3f4b5bc7-9454-4071-9294-160f19eb1c2c" name="welras@CNK3T3J 2010-04-19 13:24:20" runUser="AD\welras" xmlns="http://microsoft.com/schemas/VisualStudio/TeamTest/2006">
  <TestRunConfiguration name="Local Test Run" id="b9a607c5-198a-483e-881f-484a0c7c0d45">
    <Description>This is a default test run configuration for a local test run.</Description>
    <Deployment runDeploymentRoot="C:\project\A_project\csharp\SampleLibApp\TestResults\welras_CNK3T3J 2010-04-19 13_24_20">
      <DeploymentItem filename="C:\project\A_project\csharp\SampleLibApp\WCFClientAPI\bin\Debug\WCFClientAPI.dll" />
    </Deployment>
    <TestTypeSpecific />
  </TestRunConfiguration>
  <ResultSummary outcome="Failed">
    <Counters total="3" executed="3" error="0" failed="3" timeout="0" aborted="0" inconclusive="0" passedButRunAborted="0" notRunnable="0" notExecuted="0" disconnected="0" warning="0" passed="0" completed="0" inProgress="0" pending="0" />
  </ResultSummary>
  <Times creation="2010-04-19T13:24:20.2868476+05:30" queuing="2010-04-19T13:24:22.5644622+05:30" start="2010-04-19T13:24:22.7984637+05:30" finish="2010-04-19T13:24:29.8341088+05:30" />
  <TestDefinitions>
    <UnitTest name="TestUpdateBook" storage="c:\project\a_project\csharp\samplelibapp\testlibrary\bin\debug\testlibrary.dll" id="1031160d-6c4e-282f-29b9-790245629445">
      <Css projectStructure="" iteration="" />
      <Owners>
        <Owner name="" />
      </Owners>
      <Execution id="9d5b4d3d-4b47-409f-a2ea-7f1ef7c6f566" />
      <TestMethod codeBase="C:\project\A_project\csharp\SampleLibApp\TestLibrary\bin\Debug\TestLibrary.dll" adapterTypeName="Microsoft.VisualStudio.TestTools.TestTypes.Unit.UnitTestAdapter, Microsoft.VisualStudio.QualityTools.Tips.UnitTest.Adapter, Version=9.0.0.0, Culture=neutral, PublicKeyToken=b03f5f7f11d50a3a" className="TestLibrary.LibraryBookTest, TestLibrary" name="TestUpdateBook" />
    </UnitTest>
    <UnitTest name="TestClientAPI" storage="c:\project\a_project\csharp\samplelibapp\testlibrary\bin\debug\testlibrary.dll" id="8e44ae32-a0ee-ecb4-8246-c385621ad65e">
      <Css projectStructure="" iteration="" />
      <Owners>
        <Owner name="" />
      </Owners>
      <Execution id="f0b9e76e-0338-4095-ae9d-2e5dbce1d2b7" />
      <TestMethod codeBase="C:\project\A_project\csharp\SampleLibApp\TestLibrary\bin\Debug\TestLibrary.dll" adapterTypeName="Microsoft.VisualStudio.TestTools.TestTypes.Unit.UnitTestAdapter, Microsoft.VisualStudio.QualityTools.Tips.UnitTest.Adapter, Version=9.0.0.0, Culture=neutral, PublicKeyToken=b03f5f7f11d50a3a" className="TestLibrary.ClientLibraryTest, TestLibrary" name="TestClientAPI" />
    </UnitTest>
    <UnitTest name="TestAddBook" storage="c:\project\a_project\csharp\samplelibapp\testlibrary\bin\debug\testlibrary.dll" id="9219ea8d-ca07-718e-60c4-1f2cb1da3842">
      <Css projectStructure="" iteration="" />
      <Owners>
        <Owner name="" />
      </Owners>
      <Execution id="0db810c0-e97d-4f68-89c3-1dba2f7657a4" />
      <TestMethod codeBase="C:\project\A_project\csharp\SampleLibApp\TestLibrary\bin\Debug\TestLibrary.dll" adapterTypeName="Microsoft.VisualStudio.TestTools.TestTypes.Unit.UnitTestAdapter, Microsoft.VisualStudio.QualityTools.Tips.UnitTest.Adapter, Version=9.0.0.0, Culture=neutral, PublicKeyToken=b03f5f7f11d50a3a" className="TestLibrary.LibraryBookTest, TestLibrary" name="TestAddBook" />
    </UnitTest>
  </TestDefinitions>
  <TestLists>
    <TestList name="Results Not in a List" id="8c84fa94-04c1-424b-9868-57a2d4851a1d" />
    <TestList name="All Loaded Results" id="19431567-8539-422a-85d7-44ee4e166bda" />
  </TestLists>
  <TestEntries>
    <TestEntry testId="1031160d-6c4e-282f-29b9-790245629445" executionId="9d5b4d3d-4b47-409f-a2ea-7f1ef7c6f566" testListId="8c84fa94-04c1-424b-9868-57a2d4851a1d" />
    <TestEntry testId="8e44ae32-a0ee-ecb4-8246-c385621ad65e" executionId="f0b9e76e-0338-4095-ae9d-2e5dbce1d2b7" testListId="8c84fa94-04c1-424b-9868-57a2d4851a1d" />
    <TestEntry testId="9219ea8d-ca07-718e-60c4-1f2cb1da3842" executionId="0db810c0-e97d-4f68-89c3-1dba2f7657a4" testListId="8c84fa94-04c1-424b-9868-57a2d4851a1d" />
  </TestEntries>
  <Results>
    <UnitTestResult executionId="9d5b4d3d-4b47-409f-a2ea-7f1ef7c6f566" testId="1031160d-6c4e-282f-29b9-790245629445" testName="TestUpdateBook" computerName="CNK3T3J" duration="00:00:02.4778354" startTime="2010-04-19T13:24:22.8608641+05:30" endTime="2010-04-19T13:24:25.6532820+05:30" testType="13cdc9d9-ddb5-4fa4-a97d-d965ccfc6d4b" outcome="Failed" testListId="8c84fa94-04c1-424b-9868-57a2d4851a1d">
      <Output>
        <ErrorInfo>
          <Message>Test method TestLibrary.LibraryBookTest.TestUpdateBook threw exception:  System.ServiceModel.EndpointNotFoundException: Could not connect to http://localhost:8731/Design_Time_Addresses/WCFServer/LibraryService/. TCP error code 10061: No connection could be made because the target machine actively refused it 127.0.0.1:8731.  ---&gt;  System.Net.WebException: Unable to connect to the remote server ---&gt;  System.Net.Sockets.SocketException: No connection could be made because the target machine actively refused it 127.0.0.1:8731.</Message>
          <StackTrace>    at System.Net.Sockets.Socket.DoConnect(EndPoint endPointSnapshot, SocketAddress socketAddress)
   at System.Net.Sockets.Socket.InternalConnect(EndPoint remoteEP)
   at System.Net.ServicePoint.ConnectSocketInternal(Boolean connectFailure, Socket s4, Socket s6, Socket&amp; socket, IPAddress&amp; address, ConnectSocketState state, IAsyncResult asyncResult, Int32 timeout, Exception&amp; exception)
 --- End of inner exception stack trace ---
    at System.Net.HttpWebRequest.GetRequestStream(TransportContext&amp; context)
   at System.Net.HttpWebRequest.GetRequestStream()
   at System.ServiceModel.Channels.HttpOutput.WebRequestHttpOutput.GetOutputStream()
 --- End of inner exception stack trace ---
 
Server stack trace: 
   at System.ServiceModel.Security.IssuanceTokenProviderBase`1.DoNegotiation(TimeSpan timeout)
   at System.ServiceModel.Security.SspiNegotiationTokenProvider.OnOpen(TimeSpan timeout)
   at System.ServiceModel.Security.WrapperSecurityCommunicationObject.OnOpen(TimeSpan timeout)
   at System.ServiceModel.Channels.CommunicationObject.Open(TimeSpan timeout)
   at System.ServiceModel.Security.CommunicationObjectSecurityTokenProvider.Open(TimeSpan timeout)
   at System.ServiceModel.Security.SecurityUtils.OpenTokenProviderIfRequired(SecurityTokenProvider tokenProvider, TimeSpan timeout)
   at System.ServiceModel.Security.SymmetricSecurityProtocol.OnOpen(TimeSpan timeout)
   at System.ServiceModel.Security.WrapperSecurityCommunicationObject.OnOpen(TimeSpan timeout)
   at System.ServiceModel.Channels.CommunicationObject.Open(TimeSpan timeout)
   at System.ServiceModel.Channels.SecurityChannelFactory`1.ClientSecurityChannel`1.OnOpen(TimeSpan timeout)
   at System.ServiceModel.Channels.CommunicationObject.Open(TimeSpan timeout)
   at System.ServiceModel.Security.SecuritySessionSecurityTokenProvider.DoOperation(SecuritySessionOperation operation, EndpointAddress target, Uri via, SecurityToken currentToken, TimeSpan timeout)
   at System.ServiceModel.Security.SecuritySessionSecurityTokenProvider.GetTokenCore(TimeSpan timeout)
   at System.IdentityModel.Selectors.SecurityTokenProvider.GetToken(TimeSpan timeout)
   at System.ServiceModel.Security.SecuritySessionClientSettings`1.ClientSecuritySessionChannel.OnOpen(TimeSpan timeout)
   at System.ServiceModel.Channels.CommunicationObject.Open(TimeSpan timeout)
   at System.ServiceModel.Channels.ServiceChannel.OnOpen(TimeSpan timeout)
   at System.ServiceModel.Channels.CommunicationObject.Open(TimeSpan timeout)
   at System.ServiceModel.Channels.ServiceChannel.CallOpenOnce.System.ServiceModel.Channels.ServiceChannel.ICallOnce.Call(ServiceChannel channel, TimeSpan timeout)
   at System.ServiceModel.Channels.ServiceChannel.CallOnceManager.CallOnce(TimeSpan timeout, CallOnceManager cascade)
   at System.ServiceModel.Channels.ServiceChannel.EnsureOpened(TimeSpan timeout)
   at System.ServiceModel.Channels.ServiceChannel.Call(String action, Boolean oneway, ProxyOperationRuntime operation, Object[] ins, Object[] outs, TimeSpan timeout)
   at System.ServiceModel.Channels.ServiceChannel.Call(String action, Boolean oneway, ProxyOperationRuntime operation, Object[] ins, Object[] outs)
   at System.ServiceModel.Channels.ServiceChannelProxy.InvokeService(IMethodCallMessage methodCall, ProxyOperationRuntime operation)
   at System.ServiceModel.Channels.ServiceChannelProxy.Invoke(IMessage message)
Exception rethrown at [0]: 
   at System.Runtime.Remoting.Proxies.RealProxy.HandleReturnMessage(IMessage reqMsg, IMessage retMsg)
   at System.Runtime.Remoting.Proxies.RealProxy.PrivateInvoke(MessageData&amp; msgData, Int32 type)
   at TestLibrary.LibraryService.ILibraryService.UpdateBook(Book b)
   at TestLibrary.LibraryService.LibraryServiceClient.UpdateBook(Book b) in C:\project\A_project\csharp\SampleLibApp\TestLibrary\Service References\LibraryService\Reference.cs:line 158
   at TestLibrary.LibraryBookTest.TestUpdateBook() in C:\project\A_project\csharp\SampleLibApp\TestLibrary\LibraryBookTest.cs:line 79
</StackTrace>
        </ErrorInfo>
      </Output>
    </UnitTestResult>
    <UnitTestResult executionId="f0b9e76e-0338-4095-ae9d-2e5dbce1d2b7" testId="8e44ae32-a0ee-ecb4-8246-c385621ad65e" testName="TestClientAPI" computerName="CNK3T3J" duration="00:00:02.0328369" startTime="2010-04-19T13:24:25.6532820+05:30" endTime="2010-04-19T13:24:27.6968951+05:30" testType="13cdc9d9-ddb5-4fa4-a97d-d965ccfc6d4b" outcome="Failed" testListId="8c84fa94-04c1-424b-9868-57a2d4851a1d">
      <Output>
        <ErrorInfo>
          <Message>Test method TestLibrary.ClientLibraryTest.TestClientAPI threw exception:  System.ServiceModel.EndpointNotFoundException: Could not connect to http://localhost:8731/Design_Time_Addresses/WCFServer/LibraryService/. TCP error code 10061: No connection could be made because the target machine actively refused it 127.0.0.1:8731.  ---&gt;  System.Net.WebException: Unable to connect to the remote server ---&gt;  System.Net.Sockets.SocketException: No connection could be made because the target machine actively refused it 127.0.0.1:8731.</Message>
          <StackTrace>    at System.Net.Sockets.Socket.DoConnect(EndPoint endPointSnapshot, SocketAddress socketAddress)
   at System.Net.Sockets.Socket.InternalConnect(EndPoint remoteEP)
   at System.Net.ServicePoint.ConnectSocketInternal(Boolean connectFailure, Socket s4, Socket s6, Socket&amp; socket, IPAddress&amp; address, ConnectSocketState state, IAsyncResult asyncResult, Int32 timeout, Exception&amp; exception)
 --- End of inner exception stack trace ---
    at System.Net.HttpWebRequest.GetRequestStream(TransportContext&amp; context)
   at System.Net.HttpWebRequest.GetRequestStream()
   at System.ServiceModel.Channels.HttpOutput.WebRequestHttpOutput.GetOutputStream()
 --- End of inner exception stack trace ---
 
Server stack trace: 
   at System.ServiceModel.Security.IssuanceTokenProviderBase`1.DoNegotiation(TimeSpan timeout)
   at System.ServiceModel.Security.SspiNegotiationTokenProvider.OnOpen(TimeSpan timeout)
   at System.ServiceModel.Security.WrapperSecurityCommunicationObject.OnOpen(TimeSpan timeout)
   at System.ServiceModel.Channels.CommunicationObject.Open(TimeSpan timeout)
   at System.ServiceModel.Security.CommunicationObjectSecurityTokenProvider.Open(TimeSpan timeout)
   at System.ServiceModel.Security.SecurityUtils.OpenTokenProviderIfRequired(SecurityTokenProvider tokenProvider, TimeSpan timeout)
   at System.ServiceModel.Security.SymmetricSecurityProtocol.OnOpen(TimeSpan timeout)
   at System.ServiceModel.Security.WrapperSecurityCommunicationObject.OnOpen(TimeSpan timeout)
   at System.ServiceModel.Channels.CommunicationObject.Open(TimeSpan timeout)
   at System.ServiceModel.Channels.SecurityChannelFactory`1.ClientSecurityChannel`1.OnOpen(TimeSpan timeout)
   at System.ServiceModel.Channels.CommunicationObject.Open(TimeSpan timeout)
   at System.ServiceModel.Security.SecuritySessionSecurityTokenProvider.DoOperation(SecuritySessionOperation operation, EndpointAddress target, Uri via, SecurityToken currentToken, TimeSpan timeout)
   at System.ServiceModel.Security.SecuritySessionSecurityTokenProvider.GetTokenCore(TimeSpan timeout)
   at System.IdentityModel.Selectors.SecurityTokenProvider.GetToken(TimeSpan timeout)
   at System.ServiceModel.Security.SecuritySessionClientSettings`1.ClientSecuritySessionChannel.OnOpen(TimeSpan timeout)
   at System.ServiceModel.Channels.CommunicationObject.Open(TimeSpan timeout)
   at System.ServiceModel.Channels.ServiceChannel.OnOpen(TimeSpan timeout)
   at System.ServiceModel.Channels.CommunicationObject.Open(TimeSpan timeout)
   at System.ServiceModel.Channels.ServiceChannel.CallOpenOnce.System.ServiceModel.Channels.ServiceChannel.ICallOnce.Call(ServiceChannel channel, TimeSpan timeout)
   at System.ServiceModel.Channels.ServiceChannel.CallOnceManager.CallOnce(TimeSpan timeout, CallOnceManager cascade)
   at System.ServiceModel.Channels.ServiceChannel.EnsureOpened(TimeSpan timeout)
   at System.ServiceModel.Channels.ServiceChannel.Call(String action, Boolean oneway, ProxyOperationRuntime operation, Object[] ins, Object[] outs, TimeSpan timeout)
   at System.ServiceModel.Channels.ServiceChannel.Call(String action, Boolean oneway, ProxyOperationRuntime operation, Object[] ins, Object[] outs)
   at System.ServiceModel.Channels.ServiceChannelProxy.InvokeService(IMethodCallMessage methodCall, ProxyOperationRuntime operation)
   at System.ServiceModel.Channels.ServiceChannelProxy.Invoke(IMessage message)
Exception rethrown at [0]: 
   at System.Runtime.Remoting.Proxies.RealProxy.HandleReturnMessage(IMessage reqMsg, IMessage retMsg)
   at System.Runtime.Remoting.Proxies.RealProxy.PrivateInvoke(MessageData&amp; msgData, Int32 type)
   at WCFClientAPI.LibraryService.ILibraryService.AddBook(Book b)
   at WCFClientAPI.LibraryService.LibraryServiceClient.AddBook(Book b) in C:\project\A_project\csharp\SampleLibApp\WCFClientAPI\Service References\LibraryService\Reference.cs:line 154
   at WCFClientAPI.LibraryClient.AddBook(Book b) in C:\project\A_project\csharp\SampleLibApp\WCFClientAPI\LibraryClient.cs:line 20
   at TestLibrary.ClientLibraryTest.TestClientAPI() in C:\project\A_project\csharp\SampleLibApp\TestLibrary\ClientLibraryTest.cs:line 69
</StackTrace>
        </ErrorInfo>
      </Output>
    </UnitTestResult>
    <UnitTestResult executionId="0db810c0-e97d-4f68-89c3-1dba2f7657a4" testId="9219ea8d-ca07-718e-60c4-1f2cb1da3842" testName="TestAddBook" computerName="CNK3T3J" duration="00:00:02.0273566" startTime="2010-04-19T13:24:27.7124952+05:30" endTime="2010-04-19T13:24:29.7405082+05:30" testType="13cdc9d9-ddb5-4fa4-a97d-d965ccfc6d4b" outcome="Failed" testListId="8c84fa94-04c1-424b-9868-57a2d4851a1d">
      <Output>
        <ErrorInfo>
          <Message>Test method TestLibrary.LibraryBookTest.TestAddBook threw exception:  System.ServiceModel.EndpointNotFoundException: Could not connect to http://localhost:8731/Design_Time_Addresses/WCFServer/LibraryService/. TCP error code 10061: No connection could be made because the target machine actively refused it 127.0.0.1:8731.  ---&gt;  System.Net.WebException: Unable to connect to the remote server ---&gt;  System.Net.Sockets.SocketException: No connection could be made because the target machine actively refused it 127.0.0.1:8731.</Message>
          <StackTrace>    at System.Net.Sockets.Socket.DoConnect(EndPoint endPointSnapshot, SocketAddress socketAddress)
   at System.Net.Sockets.Socket.InternalConnect(EndPoint remoteEP)
   at System.Net.ServicePoint.ConnectSocketInternal(Boolean connectFailure, Socket s4, Socket s6, Socket&amp; socket, IPAddress&amp; address, ConnectSocketState state, IAsyncResult asyncResult, Int32 timeout, Exception&amp; exception)
 --- End of inner exception stack trace ---
    at System.Net.HttpWebRequest.GetRequestStream(TransportContext&amp; context)
   at System.Net.HttpWebRequest.GetRequestStream()
   at System.ServiceModel.Channels.HttpOutput.WebRequestHttpOutput.GetOutputStream()
 --- End of inner exception stack trace ---
 
Server stack trace: 
   at System.ServiceModel.Security.IssuanceTokenProviderBase`1.DoNegotiation(TimeSpan timeout)
   at System.ServiceModel.Security.SspiNegotiationTokenProvider.OnOpen(TimeSpan timeout)
   at System.ServiceModel.Security.WrapperSecurityCommunicationObject.OnOpen(TimeSpan timeout)
   at System.ServiceModel.Channels.CommunicationObject.Open(TimeSpan timeout)
   at System.ServiceModel.Security.CommunicationObjectSecurityTokenProvider.Open(TimeSpan timeout)
   at System.ServiceModel.Security.SecurityUtils.OpenTokenProviderIfRequired(SecurityTokenProvider tokenProvider, TimeSpan timeout)
   at System.ServiceModel.Security.SymmetricSecurityProtocol.OnOpen(TimeSpan timeout)
   at System.ServiceModel.Security.WrapperSecurityCommunicationObject.OnOpen(TimeSpan timeout)
   at System.ServiceModel.Channels.CommunicationObject.Open(TimeSpan timeout)
   at System.ServiceModel.Channels.SecurityChannelFactory`1.ClientSecurityChannel`1.OnOpen(TimeSpan timeout)
   at System.ServiceModel.Channels.CommunicationObject.Open(TimeSpan timeout)
   at System.ServiceModel.Security.SecuritySessionSecurityTokenProvider.DoOperation(SecuritySessionOperation operation, EndpointAddress target, Uri via, SecurityToken currentToken, TimeSpan timeout)
   at System.ServiceModel.Security.SecuritySessionSecurityTokenProvider.GetTokenCore(TimeSpan timeout)
   at System.IdentityModel.Selectors.SecurityTokenProvider.GetToken(TimeSpan timeout)
   at System.ServiceModel.Security.SecuritySessionClientSettings`1.ClientSecuritySessionChannel.OnOpen(TimeSpan timeout)
   at System.ServiceModel.Channels.CommunicationObject.Open(TimeSpan timeout)
   at System.ServiceModel.Channels.ServiceChannel.OnOpen(TimeSpan timeout)
   at System.ServiceModel.Channels.CommunicationObject.Open(TimeSpan timeout)
   at System.ServiceModel.Channels.ServiceChannel.CallOpenOnce.System.ServiceModel.Channels.ServiceChannel.ICallOnce.Call(ServiceChannel channel, TimeSpan timeout)
   at System.ServiceModel.Channels.ServiceChannel.CallOnceManager.CallOnce(TimeSpan timeout, CallOnceManager cascade)
   at System.ServiceModel.Channels.ServiceChannel.EnsureOpened(TimeSpan timeout)
   at System.ServiceModel.Channels.ServiceChannel.Call(String action, Boolean oneway, ProxyOperationRuntime operation, Object[] ins, Object[] outs, TimeSpan timeout)
   at System.ServiceModel.Channels.ServiceChannel.Call(String action, Boolean oneway, ProxyOperationRuntime operation, Object[] ins, Object[] outs)
   at System.ServiceModel.Channels.ServiceChannelProxy.InvokeService(IMethodCallMessage methodCall, ProxyOperationRuntime operation)
   at System.ServiceModel.Channels.ServiceChannelProxy.Invoke(IMessage message)
Exception rethrown at [0]: 
   at System.Runtime.Remoting.Proxies.RealProxy.HandleReturnMessage(IMessage reqMsg, IMessage retMsg)
   at System.Runtime.Remoting.Proxies.RealProxy.PrivateInvoke(MessageData&amp; msgData, Int32 type)
   at TestLibrary.LibraryService.ILibraryService.AddBook(Book b)
   at TestLibrary.LibraryService.LibraryServiceClient.AddBook(Book b) in C:\project\A_project\csharp\SampleLibApp\TestLibrary\Service References\LibraryService\Reference.cs:line 154
   at TestLibrary.LibraryBookTest.TestAddBook() in C:\project\A_project\csharp\SampleLibApp\TestLibrary\LibraryBookTest.cs:line 70
</StackTrace>
        </ErrorInfo>
      </Output>
    </UnitTestResult>
  </Results>
</TestRun>