<?xml version="1.0" encoding="UTF-8"?>
<TestRun id="4b308efd-26d7-4199-a375-b9adf6b29dea" name="welras@CNK3T3J 2010-04-29 11:30:28" runUser="AD\welras" xmlns="http://microsoft.com/schemas/VisualStudio/TeamTest/2006">
  <TestRunConfiguration name="Local Test Run" id="b9a607c5-198a-483e-881f-484a0c7c0d45">
    <Description>This is a default test run configuration for a local test run.</Description>
    <Deployment runDeploymentRoot="C:\project\A_project\csharp\SampleLibApp\TestResults\welras_CNK3T3J 2010-04-29 11_30_28">
      <DeploymentItem filename="C:\project\A_project\csharp\SampleLibApp\WCFClientAPI\bin\Debug\WCFClientAPI.dll" />
    </Deployment>
    <TestTypeSpecific />
  </TestRunConfiguration>
  <ResultSummary outcome="Completed">
    <Counters total="2" executed="2" passed="2" error="0" failed="0" timeout="0" aborted="0" inconclusive="0" passedButRunAborted="0" notRunnable="0" notExecuted="0" disconnected="0" warning="0" completed="0" inProgress="0" pending="0" />
  </ResultSummary>
  <Times creation="2010-04-29T11:30:28.1802445+05:30" queuing="2010-04-29T11:30:29.8839257+05:30" start="2010-04-29T11:30:29.9299441+05:30" finish="2010-04-29T11:30:31.3935293+05:30" />
  <TestDefinitions>
    <UnitTest name="TestAddBookAsBook" storage="c:\project\a_project\csharp\samplelibapp\testlibrary\bin\debug\testlibrary.dll" id="65ae131f-0128-a6df-6103-70131bcb57b4">
      <Css projectStructure="" iteration="" />
      <Owners>
        <Owner name="" />
      </Owners>
      <Execution id="245113cb-ae1c-4a57-ad29-94f58bfcd2f7" />
      <TestMethod codeBase="C:\project\A_project\csharp\SampleLibApp\TestLibrary\bin\Debug\TestLibrary.dll" adapterTypeName="Microsoft.VisualStudio.TestTools.TestTypes.Unit.UnitTestAdapter, Microsoft.VisualStudio.QualityTools.Tips.UnitTest.Adapter, Version=9.0.0.0, Culture=neutral, PublicKeyToken=b03f5f7f11d50a3a" className="com.library.TestLibrary.ClientLibraryTest, TestLibrary" name="TestAddBookAsBook" />
    </UnitTest>
    <UnitTest name="TestAddBookAsBook" storage="c:\project\a_project\csharp\samplelibapp\testservice\bin\debug\testservice.dll" id="c10f0df2-4fab-83d1-f9f8-7832b162573d">
      <Css projectStructure="" iteration="" />
      <Owners>
        <Owner name="" />
      </Owners>
      <Execution id="57323301-8bf3-4477-b229-971eecb5b43e" />
      <TestMethod codeBase="C:\project\A_project\csharp\SampleLibApp\TestService\bin\Debug\TestService.dll" adapterTypeName="Microsoft.VisualStudio.TestTools.TestTypes.Unit.UnitTestAdapter, Microsoft.VisualStudio.QualityTools.Tips.UnitTest.Adapter, Version=9.0.0.0, Culture=neutral, PublicKeyToken=b03f5f7f11d50a3a" className="com.library.TestService.LibraryBookTest, TestService" name="TestAddBookAsBook" />
    </UnitTest>
  </TestDefinitions>
  <TestLists>
    <TestList name="Results Not in a List" id="8c84fa94-04c1-424b-9868-57a2d4851a1d" />
    <TestList name="All Loaded Results" id="19431567-8539-422a-85d7-44ee4e166bda" />
  </TestLists>
  <TestEntries>
    <TestEntry testId="65ae131f-0128-a6df-6103-70131bcb57b4" executionId="245113cb-ae1c-4a57-ad29-94f58bfcd2f7" testListId="8c84fa94-04c1-424b-9868-57a2d4851a1d" />
    <TestEntry testId="c10f0df2-4fab-83d1-f9f8-7832b162573d" executionId="57323301-8bf3-4477-b229-971eecb5b43e" testListId="8c84fa94-04c1-424b-9868-57a2d4851a1d" />
  </TestEntries>
  <Results>
    <UnitTestResult executionId="245113cb-ae1c-4a57-ad29-94f58bfcd2f7" testId="65ae131f-0128-a6df-6103-70131bcb57b4" testName="TestAddBookAsBook" computerName="CNK3T3J" duration="00:00:01.0313585" startTime="2010-04-29T11:30:29.9319449+05:30" endTime="2010-04-29T11:30:31.0173789+05:30" testType="13cdc9d9-ddb5-4fa4-a97d-d965ccfc6d4b" outcome="Passed" testListId="8c84fa94-04c1-424b-9868-57a2d4851a1d">
      <Output>
      </Output>
    </UnitTestResult>
    <UnitTestResult executionId="57323301-8bf3-4477-b229-971eecb5b43e" testId="c10f0df2-4fab-83d1-f9f8-7832b162573d" testName="TestAddBookAsBook" computerName="CNK3T3J" duration="00:00:00.3128827" startTime="2010-04-29T11:30:31.0183793+05:30" endTime="2010-04-29T11:30:31.3855261+05:30" testType="13cdc9d9-ddb5-4fa4-a97d-d965ccfc6d4b" outcome="Passed" testListId="8c84fa94-04c1-424b-9868-57a2d4851a1d">
      <Output>
      </Output>
    </UnitTestResult>
  </Results>
</TestRun>