<?xml version="1.0" encoding="UTF-8"?>
<TestRun id="30f271fd-fb29-415d-a792-7bbd5daebc44" name="welras@CNK3T3J 2010-05-03 15:19:33" runUser="AD\welras" xmlns="http://microsoft.com/schemas/VisualStudio/TeamTest/2006">
  <TestRunConfiguration name="Local Test Run" id="b9a607c5-198a-483e-881f-484a0c7c0d45">
    <Description>This is a default test run configuration for a local test run.</Description>
    <Deployment userDeploymentRoot="C:\project\A_project\csharp\SampleLibApp\TestResults" useDefaultDeploymentRoot="false" runDeploymentRoot="C:\project\A_project\csharp\SampleLibApp\TestResults\welras_CNK3T3J 2010-05-03 15_19_33">
      <DeploymentItem filename="C:\project\A_project\csharp\SampleLibApp\WCFClientAPI\bin\Debug\WCFClientAPI.dll" />
    </Deployment>
    <TestTypeSpecific />
  </TestRunConfiguration>
  <ResultSummary outcome="Failed">
    <Counters total="9" executed="9" error="0" failed="9" timeout="0" aborted="0" inconclusive="0" passedButRunAborted="0" notRunnable="0" notExecuted="0" disconnected="0" warning="0" passed="0" completed="0" inProgress="0" pending="0" />
  </ResultSummary>
  <Times creation="2010-05-03T15:19:33.4117444+05:30" queuing="2010-05-03T15:19:36.2810313+05:30" start="2010-05-03T15:19:36.5040536+05:30" finish="2010-05-03T15:19:42.1696201+05:30" />
  <TestDefinitions>
    <UnitTest name="TestReturnBook" storage="c:\project\a_project\csharp\samplelibapp\testlibrary\bin\debug\testlibrary.dll" id="0feeaf3f-d959-3a6e-efdd-513290355099">
      <Css projectStructure="" iteration="" />
      <Owners>
        <Owner name="" />
      </Owners>
      <Execution id="0235ac17-67fb-4335-95a0-a7c2c1d51fd9" />
      <TestMethod codeBase="C:\project\A_project\csharp\SampleLibApp\TestLibrary\bin\Debug\TestLibrary.dll" adapterTypeName="Microsoft.VisualStudio.TestTools.TestTypes.Unit.UnitTestAdapter, Microsoft.VisualStudio.QualityTools.Tips.UnitTest.Adapter, Version=9.0.0.0, Culture=neutral, PublicKeyToken=b03f5f7f11d50a3a" className="com.library.TestLibrary.ClientLibraryTest, TestLibrary" name="TestReturnBook" />
    </UnitTest>
    <UnitTest name="TestIssueBook" storage="c:\project\a_project\csharp\samplelibapp\testlibrary\bin\debug\testlibrary.dll" id="24caf18b-d15a-9cbd-a7ea-0362286e3684">
      <Css projectStructure="" iteration="" />
      <Owners>
        <Owner name="" />
      </Owners>
      <Execution id="2f955592-2bdf-468f-a7ad-ca1746f766e8" />
      <TestMethod codeBase="C:\project\A_project\csharp\SampleLibApp\TestLibrary\bin\Debug\TestLibrary.dll" adapterTypeName="Microsoft.VisualStudio.TestTools.TestTypes.Unit.UnitTestAdapter, Microsoft.VisualStudio.QualityTools.Tips.UnitTest.Adapter, Version=9.0.0.0, Culture=neutral, PublicKeyToken=b03f5f7f11d50a3a" className="com.library.TestLibrary.ClientLibraryTest, TestLibrary" name="TestIssueBook" />
    </UnitTest>
    <UnitTest name="TestSecurity" storage="c:\project\a_project\csharp\samplelibapp\testlibrary\bin\debug\testlibrary.dll" id="1e673b12-b7d8-ebc0-50f9-a2fe0f313c93">
      <Css projectStructure="" iteration="" />
      <Owners>
        <Owner name="" />
      </Owners>
      <Execution id="02677dad-f54e-4358-8642-6033124f24d1" />
      <TestMethod codeBase="C:\project\A_project\csharp\SampleLibApp\TestLibrary\bin\Debug\TestLibrary.dll" adapterTypeName="Microsoft.VisualStudio.TestTools.TestTypes.Unit.UnitTestAdapter, Microsoft.VisualStudio.QualityTools.Tips.UnitTest.Adapter, Version=9.0.0.0, Culture=neutral, PublicKeyToken=b03f5f7f11d50a3a" className="com.library.TestLibrary.ClientLibraryTest, TestLibrary" name="TestSecurity" />
    </UnitTest>
    <UnitTest name="TestGetAllBooks" storage="c:\project\a_project\csharp\samplelibapp\testlibrary\bin\debug\testlibrary.dll" id="1f09df51-8cf8-a494-876e-a55e6dce8758">
      <Css projectStructure="" iteration="" />
      <Owners>
        <Owner name="" />
      </Owners>
      <Execution id="68405631-a373-4610-91c5-89f2463ba717" />
      <TestMethod codeBase="C:\project\A_project\csharp\SampleLibApp\TestLibrary\bin\Debug\TestLibrary.dll" adapterTypeName="Microsoft.VisualStudio.TestTools.TestTypes.Unit.UnitTestAdapter, Microsoft.VisualStudio.QualityTools.Tips.UnitTest.Adapter, Version=9.0.0.0, Culture=neutral, PublicKeyToken=b03f5f7f11d50a3a" className="com.library.TestLibrary.ClientLibraryTest, TestLibrary" name="TestGetAllBooks" />
    </UnitTest>
    <UnitTest name="TestAddBook" storage="c:\project\a_project\csharp\samplelibapp\testlibrary\bin\debug\testlibrary.dll" id="a017d254-0a7a-55f4-39a1-86da40cafc66">
      <Css projectStructure="" iteration="" />
      <Owners>
        <Owner name="" />
      </Owners>
      <Execution id="94928219-3712-410c-a4b3-3890f8c6d271" />
      <TestMethod codeBase="C:\project\A_project\csharp\SampleLibApp\TestLibrary\bin\Debug\TestLibrary.dll" adapterTypeName="Microsoft.VisualStudio.TestTools.TestTypes.Unit.UnitTestAdapter, Microsoft.VisualStudio.QualityTools.Tips.UnitTest.Adapter, Version=9.0.0.0, Culture=neutral, PublicKeyToken=b03f5f7f11d50a3a" className="com.library.TestLibrary.ClientLibraryTest, TestLibrary" name="TestAddBook" />
    </UnitTest>
    <UnitTest name="TestDeleteBook" storage="c:\project\a_project\csharp\samplelibapp\testlibrary\bin\debug\testlibrary.dll" id="cc8a21ea-bb6b-075e-4c80-2e51ce726453">
      <Css projectStructure="" iteration="" />
      <Owners>
        <Owner name="" />
      </Owners>
      <Execution id="83bfb8b7-7f06-401a-b33c-30f1341c74fe" />
      <TestMethod codeBase="C:\project\A_project\csharp\SampleLibApp\TestLibrary\bin\Debug\TestLibrary.dll" adapterTypeName="Microsoft.VisualStudio.TestTools.TestTypes.Unit.UnitTestAdapter, Microsoft.VisualStudio.QualityTools.Tips.UnitTest.Adapter, Version=9.0.0.0, Culture=neutral, PublicKeyToken=b03f5f7f11d50a3a" className="com.library.TestLibrary.ClientLibraryTest, TestLibrary" name="TestDeleteBook" />
    </UnitTest>
    <UnitTest name="TestAddBookAsBook" storage="c:\project\a_project\csharp\samplelibapp\testlibrary\bin\debug\testlibrary.dll" id="65ae131f-0128-a6df-6103-70131bcb57b4">
      <Css projectStructure="" iteration="" />
      <Owners>
        <Owner name="" />
      </Owners>
      <Execution id="67d45f4d-b119-409e-a452-34211ea777bf" />
      <TestMethod codeBase="C:\project\A_project\csharp\SampleLibApp\TestLibrary\bin\Debug\TestLibrary.dll" adapterTypeName="Microsoft.VisualStudio.TestTools.TestTypes.Unit.UnitTestAdapter, Microsoft.VisualStudio.QualityTools.Tips.UnitTest.Adapter, Version=9.0.0.0, Culture=neutral, PublicKeyToken=b03f5f7f11d50a3a" className="com.library.TestLibrary.ClientLibraryTest, TestLibrary" name="TestAddBookAsBook" />
    </UnitTest>
    <UnitTest name="TestLoad" storage="c:\project\a_project\csharp\samplelibapp\testlibrary\bin\debug\testlibrary.dll" id="aa40f25d-d3d7-9006-e6dd-709290e8899a">
      <Css projectStructure="" iteration="" />
      <Owners>
        <Owner name="" />
      </Owners>
      <Execution id="6ecac69b-67ae-440c-9bdb-4fe8b9919deb" />
      <TestMethod codeBase="C:\project\A_project\csharp\SampleLibApp\TestLibrary\bin\Debug\TestLibrary.dll" adapterTypeName="Microsoft.VisualStudio.TestTools.TestTypes.Unit.UnitTestAdapter, Microsoft.VisualStudio.QualityTools.Tips.UnitTest.Adapter, Version=9.0.0.0, Culture=neutral, PublicKeyToken=b03f5f7f11d50a3a" className="com.library.TestLibrary.ClientLibraryTest, TestLibrary" name="TestLoad" />
    </UnitTest>
    <UnitTest name="TestEditBook" storage="c:\project\a_project\csharp\samplelibapp\testlibrary\bin\debug\testlibrary.dll" id="3a30408c-09cf-598c-0f0d-3d0584d476ad">
      <Css projectStructure="" iteration="" />
      <Owners>
        <Owner name="" />
      </Owners>
      <Execution id="d048634e-905f-4328-bb46-d1e2eb8b5278" />
      <TestMethod codeBase="C:\project\A_project\csharp\SampleLibApp\TestLibrary\bin\Debug\TestLibrary.dll" adapterTypeName="Microsoft.VisualStudio.TestTools.TestTypes.Unit.UnitTestAdapter, Microsoft.VisualStudio.QualityTools.Tips.UnitTest.Adapter, Version=9.0.0.0, Culture=neutral, PublicKeyToken=b03f5f7f11d50a3a" className="com.library.TestLibrary.ClientLibraryTest, TestLibrary" name="TestEditBook" />
    </UnitTest>
  </TestDefinitions>
  <TestLists>
    <TestList name="Results Not in a List" id="8c84fa94-04c1-424b-9868-57a2d4851a1d" />
    <TestList name="All Loaded Results" id="19431567-8539-422a-85d7-44ee4e166bda" />
  </TestLists>
  <TestEntries>
    <TestEntry testId="0feeaf3f-d959-3a6e-efdd-513290355099" executionId="0235ac17-67fb-4335-95a0-a7c2c1d51fd9" testListId="8c84fa94-04c1-424b-9868-57a2d4851a1d" />
    <TestEntry testId="1e673b12-b7d8-ebc0-50f9-a2fe0f313c93" executionId="02677dad-f54e-4358-8642-6033124f24d1" testListId="8c84fa94-04c1-424b-9868-57a2d4851a1d" />
    <TestEntry testId="1f09df51-8cf8-a494-876e-a55e6dce8758" executionId="68405631-a373-4610-91c5-89f2463ba717" testListId="8c84fa94-04c1-424b-9868-57a2d4851a1d" />
    <TestEntry testId="24caf18b-d15a-9cbd-a7ea-0362286e3684" executionId="2f955592-2bdf-468f-a7ad-ca1746f766e8" testListId="8c84fa94-04c1-424b-9868-57a2d4851a1d" />
    <TestEntry testId="3a30408c-09cf-598c-0f0d-3d0584d476ad" executionId="d048634e-905f-4328-bb46-d1e2eb8b5278" testListId="8c84fa94-04c1-424b-9868-57a2d4851a1d" />
    <TestEntry testId="65ae131f-0128-a6df-6103-70131bcb57b4" executionId="67d45f4d-b119-409e-a452-34211ea777bf" testListId="8c84fa94-04c1-424b-9868-57a2d4851a1d" />
    <TestEntry testId="a017d254-0a7a-55f4-39a1-86da40cafc66" executionId="94928219-3712-410c-a4b3-3890f8c6d271" testListId="8c84fa94-04c1-424b-9868-57a2d4851a1d" />
    <TestEntry testId="aa40f25d-d3d7-9006-e6dd-709290e8899a" executionId="6ecac69b-67ae-440c-9bdb-4fe8b9919deb" testListId="8c84fa94-04c1-424b-9868-57a2d4851a1d" />
    <TestEntry testId="cc8a21ea-bb6b-075e-4c80-2e51ce726453" executionId="83bfb8b7-7f06-401a-b33c-30f1341c74fe" testListId="8c84fa94-04c1-424b-9868-57a2d4851a1d" />
  </TestEntries>
  <Results>
    <UnitTestResult executionId="0235ac17-67fb-4335-95a0-a7c2c1d51fd9" testId="0feeaf3f-d959-3a6e-efdd-513290355099" testName="TestReturnBook" computerName="CNK3T3J" duration="00:00:03.3719262" startTime="2010-05-03T15:19:36.5610593+05:30" endTime="2010-05-03T15:19:40.1144146+05:30" testType="13cdc9d9-ddb5-4fa4-a97d-d965ccfc6d4b" outcome="Failed" testListId="8c84fa94-04c1-424b-9868-57a2d4851a1d">
      <Output>
        <ErrorInfo>
          <Message>Test method com.library.TestLibrary.ClientLibraryTest.TestReturnBook threw exception:  System.ServiceModel.FaultException`1[System.ServiceModel.ExceptionDetail]: Object reference not set to an instance of an object..</Message>
          <StackTrace> 
Server stack trace: 
   at System.ServiceModel.Channels.ServiceChannel.ThrowIfFaultUnderstood(Message reply, MessageFault fault, String action, MessageVersion version, FaultConverter faultConverter)
   at System.ServiceModel.Channels.ServiceChannel.HandleReply(ProxyOperationRuntime operation, ProxyRpc&amp; rpc)
   at System.ServiceModel.Channels.ServiceChannel.Call(String action, Boolean oneway, ProxyOperationRuntime operation, Object[] ins, Object[] outs, TimeSpan timeout)
   at System.ServiceModel.Channels.ServiceChannel.Call(String action, Boolean oneway, ProxyOperationRuntime operation, Object[] ins, Object[] outs)
   at System.ServiceModel.Channels.ServiceChannelProxy.InvokeService(IMethodCallMessage methodCall, ProxyOperationRuntime operation)
   at System.ServiceModel.Channels.ServiceChannelProxy.Invoke(IMessage message)
Exception rethrown at [0]: 
   at System.Runtime.Remoting.Proxies.RealProxy.HandleReturnMessage(IMessage reqMsg, IMessage retMsg)
   at System.Runtime.Remoting.Proxies.RealProxy.PrivateInvoke(MessageData&amp; msgData, Int32 type)
   at ILibraryService.AddNewBook(Book book)
   at LibraryServiceClient.AddNewBook(Book book) in C:\project\A_project\csharp\SampleLibApp\WCFClientAPI\LibraryService.cs:line 202
   at com.library.WCFClientAPI.LibraryClient.AddNewBook(String isbn, String name, String author, String description) in C:\project\A_project\csharp\SampleLibApp\WCFClientAPI\LibraryClient.cs:line 74
   at com.library.TestLibrary.ClientLibraryTest.TestReturnBook() in C:\project\A_project\csharp\SampleLibApp\TestLibrary\ClientLibraryTest.cs:line 298
</StackTrace>
        </ErrorInfo>
      </Output>
    </UnitTestResult>
    <UnitTestResult executionId="02677dad-f54e-4358-8642-6033124f24d1" testId="1e673b12-b7d8-ebc0-50f9-a2fe0f313c93" testName="TestSecurity" computerName="CNK3T3J" duration="00:00:00.3712448" startTime="2010-05-03T15:19:40.1154147+05:30" endTime="2010-05-03T15:19:40.4904522+05:30" testType="13cdc9d9-ddb5-4fa4-a97d-d965ccfc6d4b" outcome="Failed" testListId="8c84fa94-04c1-424b-9868-57a2d4851a1d">
      <Output>
        <ErrorInfo>
          <Message>Test method com.library.TestLibrary.ClientLibraryTest.TestSecurity threw exception:  System.ServiceModel.FaultException`1[System.ServiceModel.ExceptionDetail]: Object reference not set to an instance of an object..</Message>
          <StackTrace> 
Server stack trace: 
   at System.ServiceModel.Channels.ServiceChannel.ThrowIfFaultUnderstood(Message reply, MessageFault fault, String action, MessageVersion version, FaultConverter faultConverter)
   at System.ServiceModel.Channels.ServiceChannel.HandleReply(ProxyOperationRuntime operation, ProxyRpc&amp; rpc)
   at System.ServiceModel.Channels.ServiceChannel.Call(String action, Boolean oneway, ProxyOperationRuntime operation, Object[] ins, Object[] outs, TimeSpan timeout)
   at System.ServiceModel.Channels.ServiceChannel.Call(String action, Boolean oneway, ProxyOperationRuntime operation, Object[] ins, Object[] outs)
   at System.ServiceModel.Channels.ServiceChannelProxy.InvokeService(IMethodCallMessage methodCall, ProxyOperationRuntime operation)
   at System.ServiceModel.Channels.ServiceChannelProxy.Invoke(IMessage message)
Exception rethrown at [0]: 
   at System.Runtime.Remoting.Proxies.RealProxy.HandleReturnMessage(IMessage reqMsg, IMessage retMsg)
   at System.Runtime.Remoting.Proxies.RealProxy.PrivateInvoke(MessageData&amp; msgData, Int32 type)
   at ILibraryService.AddNewBook(Book book)
   at LibraryServiceClient.AddNewBook(Book book) in C:\project\A_project\csharp\SampleLibApp\WCFClientAPI\LibraryService.cs:line 202
   at com.library.WCFClientAPI.LibraryClient.AddNewBook(String isbn, String name, String author, String description) in C:\project\A_project\csharp\SampleLibApp\WCFClientAPI\LibraryClient.cs:line 74
   at com.library.TestLibrary.ClientLibraryTest.TestSecurity() in C:\project\A_project\csharp\SampleLibApp\TestLibrary\ClientLibraryTest.cs:line 353
</StackTrace>
        </ErrorInfo>
      </Output>
    </UnitTestResult>
    <UnitTestResult executionId="68405631-a373-4610-91c5-89f2463ba717" testId="1f09df51-8cf8-a494-876e-a55e6dce8758" testName="TestGetAllBooks" computerName="CNK3T3J" duration="00:00:00.0709933" startTime="2010-05-03T15:19:40.4914523+05:30" endTime="2010-05-03T15:19:40.5654597+05:30" testType="13cdc9d9-ddb5-4fa4-a97d-d965ccfc6d4b" outcome="Failed" testListId="8c84fa94-04c1-424b-9868-57a2d4851a1d">
      <Output>
        <ErrorInfo>
          <Message>Test method com.library.TestLibrary.ClientLibraryTest.TestGetAllBooks threw exception:  System.ServiceModel.FaultException`1[System.ServiceModel.ExceptionDetail]: Object reference not set to an instance of an object..</Message>
          <StackTrace> 
Server stack trace: 
   at System.ServiceModel.Channels.ServiceChannel.ThrowIfFaultUnderstood(Message reply, MessageFault fault, String action, MessageVersion version, FaultConverter faultConverter)
   at System.ServiceModel.Channels.ServiceChannel.HandleReply(ProxyOperationRuntime operation, ProxyRpc&amp; rpc)
   at System.ServiceModel.Channels.ServiceChannel.Call(String action, Boolean oneway, ProxyOperationRuntime operation, Object[] ins, Object[] outs, TimeSpan timeout)
   at System.ServiceModel.Channels.ServiceChannel.Call(String action, Boolean oneway, ProxyOperationRuntime operation, Object[] ins, Object[] outs)
   at System.ServiceModel.Channels.ServiceChannelProxy.InvokeService(IMethodCallMessage methodCall, ProxyOperationRuntime operation)
   at System.ServiceModel.Channels.ServiceChannelProxy.Invoke(IMessage message)
Exception rethrown at [0]: 
   at System.Runtime.Remoting.Proxies.RealProxy.HandleReturnMessage(IMessage reqMsg, IMessage retMsg)
   at System.Runtime.Remoting.Proxies.RealProxy.PrivateInvoke(MessageData&amp; msgData, Int32 type)
   at ILibraryService.AddNewBook(Book book)
   at LibraryServiceClient.AddNewBook(Book book) in C:\project\A_project\csharp\SampleLibApp\WCFClientAPI\LibraryService.cs:line 202
   at com.library.WCFClientAPI.LibraryClient.AddNewBook(String isbn, String name, String author, String description) in C:\project\A_project\csharp\SampleLibApp\WCFClientAPI\LibraryClient.cs:line 74
   at com.library.TestLibrary.ClientLibraryTest.TestGetAllBooks() in C:\project\A_project\csharp\SampleLibApp\TestLibrary\ClientLibraryTest.cs:line 128
</StackTrace>
        </ErrorInfo>
      </Output>
    </UnitTestResult>
    <UnitTestResult executionId="2f955592-2bdf-468f-a7ad-ca1746f766e8" testId="24caf18b-d15a-9cbd-a7ea-0362286e3684" testName="TestIssueBook" computerName="CNK3T3J" duration="00:00:00.4137571" startTime="2010-05-03T15:19:40.5654597+05:30" endTime="2010-05-03T15:19:40.9825014+05:30" testType="13cdc9d9-ddb5-4fa4-a97d-d965ccfc6d4b" outcome="Failed" testListId="8c84fa94-04c1-424b-9868-57a2d4851a1d">
      <Output>
        <ErrorInfo>
          <Message>Test method com.library.TestLibrary.ClientLibraryTest.TestIssueBook threw exception:  System.ServiceModel.FaultException`1[System.ServiceModel.ExceptionDetail]: Object reference not set to an instance of an object..</Message>
          <StackTrace> 
Server stack trace: 
   at System.ServiceModel.Channels.ServiceChannel.ThrowIfFaultUnderstood(Message reply, MessageFault fault, String action, MessageVersion version, FaultConverter faultConverter)
   at System.ServiceModel.Channels.ServiceChannel.HandleReply(ProxyOperationRuntime operation, ProxyRpc&amp; rpc)
   at System.ServiceModel.Channels.ServiceChannel.Call(String action, Boolean oneway, ProxyOperationRuntime operation, Object[] ins, Object[] outs, TimeSpan timeout)
   at System.ServiceModel.Channels.ServiceChannel.Call(String action, Boolean oneway, ProxyOperationRuntime operation, Object[] ins, Object[] outs)
   at System.ServiceModel.Channels.ServiceChannelProxy.InvokeService(IMethodCallMessage methodCall, ProxyOperationRuntime operation)
   at System.ServiceModel.Channels.ServiceChannelProxy.Invoke(IMessage message)
Exception rethrown at [0]: 
   at System.Runtime.Remoting.Proxies.RealProxy.HandleReturnMessage(IMessage reqMsg, IMessage retMsg)
   at System.Runtime.Remoting.Proxies.RealProxy.PrivateInvoke(MessageData&amp; msgData, Int32 type)
   at ILibraryService.AddNewBook(Book book)
   at LibraryServiceClient.AddNewBook(Book book) in C:\project\A_project\csharp\SampleLibApp\WCFClientAPI\LibraryService.cs:line 202
   at com.library.WCFClientAPI.LibraryClient.AddNewBook(String isbn, String name, String author, String description) in C:\project\A_project\csharp\SampleLibApp\WCFClientAPI\LibraryClient.cs:line 74
   at com.library.TestLibrary.ClientLibraryTest.TestIssueBook() in C:\project\A_project\csharp\SampleLibApp\TestLibrary\ClientLibraryTest.cs:line 245
</StackTrace>
        </ErrorInfo>
      </Output>
    </UnitTestResult>
    <UnitTestResult executionId="d048634e-905f-4328-bb46-d1e2eb8b5278" testId="3a30408c-09cf-598c-0f0d-3d0584d476ad" testName="TestEditBook" computerName="CNK3T3J" duration="00:00:00.4967935" startTime="2010-05-03T15:19:40.9825014+05:30" endTime="2010-05-03T15:19:41.4825514+05:30" testType="13cdc9d9-ddb5-4fa4-a97d-d965ccfc6d4b" outcome="Failed" testListId="8c84fa94-04c1-424b-9868-57a2d4851a1d">
      <Output>
        <ErrorInfo>
          <Message>Test method com.library.TestLibrary.ClientLibraryTest.TestEditBook threw exception:  System.ServiceModel.FaultException`1[System.ServiceModel.ExceptionDetail]: Object reference not set to an instance of an object..</Message>
          <StackTrace> 
Server stack trace: 
   at System.ServiceModel.Channels.ServiceChannel.ThrowIfFaultUnderstood(Message reply, MessageFault fault, String action, MessageVersion version, FaultConverter faultConverter)
   at System.ServiceModel.Channels.ServiceChannel.HandleReply(ProxyOperationRuntime operation, ProxyRpc&amp; rpc)
   at System.ServiceModel.Channels.ServiceChannel.Call(String action, Boolean oneway, ProxyOperationRuntime operation, Object[] ins, Object[] outs, TimeSpan timeout)
   at System.ServiceModel.Channels.ServiceChannel.Call(String action, Boolean oneway, ProxyOperationRuntime operation, Object[] ins, Object[] outs)
   at System.ServiceModel.Channels.ServiceChannelProxy.InvokeService(IMethodCallMessage methodCall, ProxyOperationRuntime operation)
   at System.ServiceModel.Channels.ServiceChannelProxy.Invoke(IMessage message)
Exception rethrown at [0]: 
   at System.Runtime.Remoting.Proxies.RealProxy.HandleReturnMessage(IMessage reqMsg, IMessage retMsg)
   at System.Runtime.Remoting.Proxies.RealProxy.PrivateInvoke(MessageData&amp; msgData, Int32 type)
   at ILibraryService.AddNewBook(Book book)
   at LibraryServiceClient.AddNewBook(Book book) in C:\project\A_project\csharp\SampleLibApp\WCFClientAPI\LibraryService.cs:line 202
   at com.library.WCFClientAPI.LibraryClient.AddNewBook(String isbn, String name, String author, String description) in C:\project\A_project\csharp\SampleLibApp\WCFClientAPI\LibraryClient.cs:line 74
   at com.library.TestLibrary.ClientLibraryTest.TestEditBook() in C:\project\A_project\csharp\SampleLibApp\TestLibrary\ClientLibraryTest.cs:line 145
</StackTrace>
        </ErrorInfo>
      </Output>
    </UnitTestResult>
    <UnitTestResult executionId="67d45f4d-b119-409e-a452-34211ea777bf" testId="65ae131f-0128-a6df-6103-70131bcb57b4" testName="TestAddBookAsBook" computerName="CNK3T3J" duration="00:00:00.4703385" startTime="2010-05-03T15:19:41.4825514+05:30" endTime="2010-05-03T15:19:41.9555987+05:30" testType="13cdc9d9-ddb5-4fa4-a97d-d965ccfc6d4b" outcome="Failed" testListId="8c84fa94-04c1-424b-9868-57a2d4851a1d">
      <Output>
        <ErrorInfo>
          <Message>Test method com.library.TestLibrary.ClientLibraryTest.TestAddBookAsBook threw exception:  System.ServiceModel.FaultException`1[System.ServiceModel.ExceptionDetail]: Object reference not set to an instance of an object..</Message>
          <StackTrace> 
Server stack trace: 
   at System.ServiceModel.Channels.ServiceChannel.ThrowIfFaultUnderstood(Message reply, MessageFault fault, String action, MessageVersion version, FaultConverter faultConverter)
   at System.ServiceModel.Channels.ServiceChannel.HandleReply(ProxyOperationRuntime operation, ProxyRpc&amp; rpc)
   at System.ServiceModel.Channels.ServiceChannel.Call(String action, Boolean oneway, ProxyOperationRuntime operation, Object[] ins, Object[] outs, TimeSpan timeout)
   at System.ServiceModel.Channels.ServiceChannel.Call(String action, Boolean oneway, ProxyOperationRuntime operation, Object[] ins, Object[] outs)
   at System.ServiceModel.Channels.ServiceChannelProxy.InvokeService(IMethodCallMessage methodCall, ProxyOperationRuntime operation)
   at System.ServiceModel.Channels.ServiceChannelProxy.Invoke(IMessage message)
Exception rethrown at [0]: 
   at System.Runtime.Remoting.Proxies.RealProxy.HandleReturnMessage(IMessage reqMsg, IMessage retMsg)
   at System.Runtime.Remoting.Proxies.RealProxy.PrivateInvoke(MessageData&amp; msgData, Int32 type)
   at ILibraryService.AddNewBook(Book book)
   at LibraryServiceClient.AddNewBook(Book book) in C:\project\A_project\csharp\SampleLibApp\WCFClientAPI\LibraryService.cs:line 202
   at com.library.WCFClientAPI.LibraryClient.AddNewBook(Book book) in C:\project\A_project\csharp\SampleLibApp\WCFClientAPI\LibraryClient.cs:line 79
   at com.library.TestLibrary.ClientLibraryTest.TestAddBookAsBook() in C:\project\A_project\csharp\SampleLibApp\TestLibrary\ClientLibraryTest.cs:line 87
</StackTrace>
        </ErrorInfo>
      </Output>
    </UnitTestResult>
    <UnitTestResult executionId="94928219-3712-410c-a4b3-3890f8c6d271" testId="a017d254-0a7a-55f4-39a1-86da40cafc66" testName="TestAddBook" computerName="CNK3T3J" duration="00:00:00.0467129" startTime="2010-05-03T15:19:41.9655997+05:30" endTime="2010-05-03T15:19:42.0166048+05:30" testType="13cdc9d9-ddb5-4fa4-a97d-d965ccfc6d4b" outcome="Failed" testListId="8c84fa94-04c1-424b-9868-57a2d4851a1d">
      <Output>
        <ErrorInfo>
          <Message>Test method com.library.TestLibrary.ClientLibraryTest.TestAddBook threw exception:  System.ServiceModel.FaultException`1[System.ServiceModel.ExceptionDetail]: Object reference not set to an instance of an object..</Message>
          <StackTrace> 
Server stack trace: 
   at System.ServiceModel.Channels.ServiceChannel.ThrowIfFaultUnderstood(Message reply, MessageFault fault, String action, MessageVersion version, FaultConverter faultConverter)
   at System.ServiceModel.Channels.ServiceChannel.HandleReply(ProxyOperationRuntime operation, ProxyRpc&amp; rpc)
   at System.ServiceModel.Channels.ServiceChannel.Call(String action, Boolean oneway, ProxyOperationRuntime operation, Object[] ins, Object[] outs, TimeSpan timeout)
   at System.ServiceModel.Channels.ServiceChannel.Call(String action, Boolean oneway, ProxyOperationRuntime operation, Object[] ins, Object[] outs)
   at System.ServiceModel.Channels.ServiceChannelProxy.InvokeService(IMethodCallMessage methodCall, ProxyOperationRuntime operation)
   at System.ServiceModel.Channels.ServiceChannelProxy.Invoke(IMessage message)
Exception rethrown at [0]: 
   at System.Runtime.Remoting.Proxies.RealProxy.HandleReturnMessage(IMessage reqMsg, IMessage retMsg)
   at System.Runtime.Remoting.Proxies.RealProxy.PrivateInvoke(MessageData&amp; msgData, Int32 type)
   at ILibraryService.AddNewBook(Book book)
   at LibraryServiceClient.AddNewBook(Book book) in C:\project\A_project\csharp\SampleLibApp\WCFClientAPI\LibraryService.cs:line 202
   at com.library.WCFClientAPI.LibraryClient.AddNewBook(String isbn, String name, String author, String description) in C:\project\A_project\csharp\SampleLibApp\WCFClientAPI\LibraryClient.cs:line 74
   at com.library.TestLibrary.ClientLibraryTest.TestAddBook() in C:\project\A_project\csharp\SampleLibApp\TestLibrary\ClientLibraryTest.cs:line 100
</StackTrace>
        </ErrorInfo>
      </Output>
    </UnitTestResult>
    <UnitTestResult executionId="6ecac69b-67ae-440c-9bdb-4fe8b9919deb" testId="aa40f25d-d3d7-9006-e6dd-709290e8899a" testName="TestLoad" computerName="CNK3T3J" duration="00:00:00.0475071" startTime="2010-05-03T15:19:42.0176049+05:30" endTime="2010-05-03T15:19:42.0666098+05:30" testType="13cdc9d9-ddb5-4fa4-a97d-d965ccfc6d4b" outcome="Failed" testListId="8c84fa94-04c1-424b-9868-57a2d4851a1d">
      <Output>
        <ErrorInfo>
          <Message>Test method com.library.TestLibrary.ClientLibraryTest.TestLoad threw exception:  System.ServiceModel.FaultException`1[System.ServiceModel.ExceptionDetail]: Object reference not set to an instance of an object..</Message>
          <StackTrace> 
Server stack trace: 
   at System.ServiceModel.Channels.ServiceChannel.ThrowIfFaultUnderstood(Message reply, MessageFault fault, String action, MessageVersion version, FaultConverter faultConverter)
   at System.ServiceModel.Channels.ServiceChannel.HandleReply(ProxyOperationRuntime operation, ProxyRpc&amp; rpc)
   at System.ServiceModel.Channels.ServiceChannel.Call(String action, Boolean oneway, ProxyOperationRuntime operation, Object[] ins, Object[] outs, TimeSpan timeout)
   at System.ServiceModel.Channels.ServiceChannel.Call(String action, Boolean oneway, ProxyOperationRuntime operation, Object[] ins, Object[] outs)
   at System.ServiceModel.Channels.ServiceChannelProxy.InvokeService(IMethodCallMessage methodCall, ProxyOperationRuntime operation)
   at System.ServiceModel.Channels.ServiceChannelProxy.Invoke(IMessage message)
Exception rethrown at [0]: 
   at System.Runtime.Remoting.Proxies.RealProxy.HandleReturnMessage(IMessage reqMsg, IMessage retMsg)
   at System.Runtime.Remoting.Proxies.RealProxy.PrivateInvoke(MessageData&amp; msgData, Int32 type)
   at ILibraryService.AddNewBook(Book book)
   at LibraryServiceClient.AddNewBook(Book book) in C:\project\A_project\csharp\SampleLibApp\WCFClientAPI\LibraryService.cs:line 202
   at com.library.WCFClientAPI.LibraryClient.AddNewBook(String isbn, String name, String author, String description) in C:\project\A_project\csharp\SampleLibApp\WCFClientAPI\LibraryClient.cs:line 74
   at com.library.TestLibrary.ClientLibraryTest.TestLoad() in C:\project\A_project\csharp\SampleLibApp\TestLibrary\ClientLibraryTest.cs:line 231
</StackTrace>
        </ErrorInfo>
      </Output>
    </UnitTestResult>
    <UnitTestResult executionId="83bfb8b7-7f06-401a-b33c-30f1341c74fe" testId="cc8a21ea-bb6b-075e-4c80-2e51ce726453" testName="TestDeleteBook" computerName="CNK3T3J" duration="00:00:00.0445610" startTime="2010-05-03T15:19:42.0676099+05:30" endTime="2010-05-03T15:19:42.1146146+05:30" testType="13cdc9d9-ddb5-4fa4-a97d-d965ccfc6d4b" outcome="Failed" testListId="8c84fa94-04c1-424b-9868-57a2d4851a1d">
      <Output>
        <ErrorInfo>
          <Message>Test method com.library.TestLibrary.ClientLibraryTest.TestDeleteBook threw exception:  System.ServiceModel.FaultException`1[System.ServiceModel.ExceptionDetail]: Object reference not set to an instance of an object..</Message>
          <StackTrace> 
Server stack trace: 
   at System.ServiceModel.Channels.ServiceChannel.ThrowIfFaultUnderstood(Message reply, MessageFault fault, String action, MessageVersion version, FaultConverter faultConverter)
   at System.ServiceModel.Channels.ServiceChannel.HandleReply(ProxyOperationRuntime operation, ProxyRpc&amp; rpc)
   at System.ServiceModel.Channels.ServiceChannel.Call(String action, Boolean oneway, ProxyOperationRuntime operation, Object[] ins, Object[] outs, TimeSpan timeout)
   at System.ServiceModel.Channels.ServiceChannel.Call(String action, Boolean oneway, ProxyOperationRuntime operation, Object[] ins, Object[] outs)
   at System.ServiceModel.Channels.ServiceChannelProxy.InvokeService(IMethodCallMessage methodCall, ProxyOperationRuntime operation)
   at System.ServiceModel.Channels.ServiceChannelProxy.Invoke(IMessage message)
Exception rethrown at [0]: 
   at System.Runtime.Remoting.Proxies.RealProxy.HandleReturnMessage(IMessage reqMsg, IMessage retMsg)
   at System.Runtime.Remoting.Proxies.RealProxy.PrivateInvoke(MessageData&amp; msgData, Int32 type)
   at ILibraryService.AddNewBook(Book book)
   at LibraryServiceClient.AddNewBook(Book book) in C:\project\A_project\csharp\SampleLibApp\WCFClientAPI\LibraryService.cs:line 202
   at com.library.WCFClientAPI.LibraryClient.AddNewBook(String isbn, String name, String author, String description) in C:\project\A_project\csharp\SampleLibApp\WCFClientAPI\LibraryClient.cs:line 74
   at com.library.TestLibrary.ClientLibraryTest.TestDeleteBook() in C:\project\A_project\csharp\SampleLibApp\TestLibrary\ClientLibraryTest.cs:line 185
</StackTrace>
        </ErrorInfo>
      </Output>
    </UnitTestResult>
  </Results>
</TestRun>