<?xml version="1.0" encoding="UTF-8"?>
<TestRun id="1b4dc6c1-68a3-4a16-9d2c-c7ac663a974d" name="welras@CNK3T3J 2010-05-05 09:56:23" runUser="AD\welras" xmlns="http://microsoft.com/schemas/VisualStudio/TeamTest/2006">
  <TestRunConfiguration name="Local Test Run" id="b9a607c5-198a-483e-881f-484a0c7c0d45">
    <Description>This is a default test run configuration for a local test run.</Description>
    <Deployment runDeploymentRoot="C:\project\A_project\csharp\SampleLibApp\TestResults\welras_CNK3T3J 2010-05-05 09_56_23">
      <DeploymentItem filename="C:\project\A_project\csharp\SampleLibApp\WCFClientAPI\bin\Debug\WCFClientAPI.dll" />
    </Deployment>
    <TestTypeSpecific />
  </TestRunConfiguration>
  <ResultSummary outcome="Completed">
    <Counters total="9" executed="9" passed="9" error="0" failed="0" timeout="0" aborted="0" inconclusive="0" passedButRunAborted="0" notRunnable="0" notExecuted="0" disconnected="0" warning="0" completed="0" inProgress="0" pending="0" />
  </ResultSummary>
  <Times creation="2010-05-05T09:56:23.5704598+05:30" queuing="2010-05-05T09:56:23.8924598+05:30" start="2010-05-05T09:56:23.9354598+05:30" finish="2010-05-05T09:57:02.6684598+05:30" />
  <TestDefinitions>
    <UnitTest name="TestReturnBook" storage="c:\project\a_project\csharp\samplelibapp\testlibrary\bin\debug\testlibrary.dll" id="0feeaf3f-d959-3a6e-efdd-513290355099">
      <Css projectStructure="" iteration="" />
      <Owners>
        <Owner name="" />
      </Owners>
      <Execution id="65ff9f7a-30ed-48ef-9d8e-e6c3872af2cc" />
      <TestMethod codeBase="C:\project\A_project\csharp\SampleLibApp\TestLibrary\bin\Debug\TestLibrary.dll" adapterTypeName="Microsoft.VisualStudio.TestTools.TestTypes.Unit.UnitTestAdapter, Microsoft.VisualStudio.QualityTools.Tips.UnitTest.Adapter, Version=9.0.0.0, Culture=neutral, PublicKeyToken=b03f5f7f11d50a3a" className="com.library.TestLibrary.ClientLibraryTest, TestLibrary" name="TestReturnBook" />
    </UnitTest>
    <UnitTest name="TestIssueBook" storage="c:\project\a_project\csharp\samplelibapp\testlibrary\bin\debug\testlibrary.dll" id="24caf18b-d15a-9cbd-a7ea-0362286e3684">
      <Css projectStructure="" iteration="" />
      <Owners>
        <Owner name="" />
      </Owners>
      <Execution id="a2273f0c-61f7-41f8-a649-2c407f4ab11e" />
      <TestMethod codeBase="C:\project\A_project\csharp\SampleLibApp\TestLibrary\bin\Debug\TestLibrary.dll" adapterTypeName="Microsoft.VisualStudio.TestTools.TestTypes.Unit.UnitTestAdapter, Microsoft.VisualStudio.QualityTools.Tips.UnitTest.Adapter, Version=9.0.0.0, Culture=neutral, PublicKeyToken=b03f5f7f11d50a3a" className="com.library.TestLibrary.ClientLibraryTest, TestLibrary" name="TestIssueBook" />
    </UnitTest>
    <UnitTest name="TestSecurity" storage="c:\project\a_project\csharp\samplelibapp\testlibrary\bin\debug\testlibrary.dll" id="1e673b12-b7d8-ebc0-50f9-a2fe0f313c93">
      <Css projectStructure="" iteration="" />
      <Owners>
        <Owner name="" />
      </Owners>
      <Execution id="48fbe432-186e-4be6-81fb-0e0a805cb884" />
      <TestMethod codeBase="C:\project\A_project\csharp\SampleLibApp\TestLibrary\bin\Debug\TestLibrary.dll" adapterTypeName="Microsoft.VisualStudio.TestTools.TestTypes.Unit.UnitTestAdapter, Microsoft.VisualStudio.QualityTools.Tips.UnitTest.Adapter, Version=9.0.0.0, Culture=neutral, PublicKeyToken=b03f5f7f11d50a3a" className="com.library.TestLibrary.ClientLibraryTest, TestLibrary" name="TestSecurity" />
    </UnitTest>
    <UnitTest name="TestGetAllBooks" storage="c:\project\a_project\csharp\samplelibapp\testlibrary\bin\debug\testlibrary.dll" id="1f09df51-8cf8-a494-876e-a55e6dce8758">
      <Css projectStructure="" iteration="" />
      <Owners>
        <Owner name="" />
      </Owners>
      <Execution id="14ebcd77-d45f-4808-9220-1fb550c28bac" />
      <TestMethod codeBase="C:\project\A_project\csharp\SampleLibApp\TestLibrary\bin\Debug\TestLibrary.dll" adapterTypeName="Microsoft.VisualStudio.TestTools.TestTypes.Unit.UnitTestAdapter, Microsoft.VisualStudio.QualityTools.Tips.UnitTest.Adapter, Version=9.0.0.0, Culture=neutral, PublicKeyToken=b03f5f7f11d50a3a" className="com.library.TestLibrary.ClientLibraryTest, TestLibrary" name="TestGetAllBooks" />
    </UnitTest>
    <UnitTest name="TestAddBook" storage="c:\project\a_project\csharp\samplelibapp\testlibrary\bin\debug\testlibrary.dll" id="a017d254-0a7a-55f4-39a1-86da40cafc66">
      <Css projectStructure="" iteration="" />
      <Owners>
        <Owner name="" />
      </Owners>
      <Execution id="5c1964fa-6add-4edd-8f02-90ce29b28060" />
      <TestMethod codeBase="C:\project\A_project\csharp\SampleLibApp\TestLibrary\bin\Debug\TestLibrary.dll" adapterTypeName="Microsoft.VisualStudio.TestTools.TestTypes.Unit.UnitTestAdapter, Microsoft.VisualStudio.QualityTools.Tips.UnitTest.Adapter, Version=9.0.0.0, Culture=neutral, PublicKeyToken=b03f5f7f11d50a3a" className="com.library.TestLibrary.ClientLibraryTest, TestLibrary" name="TestAddBook" />
    </UnitTest>
    <UnitTest name="TestDeleteBook" storage="c:\project\a_project\csharp\samplelibapp\testlibrary\bin\debug\testlibrary.dll" id="cc8a21ea-bb6b-075e-4c80-2e51ce726453">
      <Css projectStructure="" iteration="" />
      <Owners>
        <Owner name="" />
      </Owners>
      <Execution id="a1e2e03d-2dff-437e-95a0-e0d1a1354f74" />
      <TestMethod codeBase="C:\project\A_project\csharp\SampleLibApp\TestLibrary\bin\Debug\TestLibrary.dll" adapterTypeName="Microsoft.VisualStudio.TestTools.TestTypes.Unit.UnitTestAdapter, Microsoft.VisualStudio.QualityTools.Tips.UnitTest.Adapter, Version=9.0.0.0, Culture=neutral, PublicKeyToken=b03f5f7f11d50a3a" className="com.library.TestLibrary.ClientLibraryTest, TestLibrary" name="TestDeleteBook" />
    </UnitTest>
    <UnitTest name="TestAddBookAsBook" storage="c:\project\a_project\csharp\samplelibapp\testlibrary\bin\debug\testlibrary.dll" id="65ae131f-0128-a6df-6103-70131bcb57b4">
      <Css projectStructure="" iteration="" />
      <Owners>
        <Owner name="" />
      </Owners>
      <Execution id="0627d312-44af-4d4d-83cf-e7d3b5e87fe9" />
      <TestMethod codeBase="C:\project\A_project\csharp\SampleLibApp\TestLibrary\bin\Debug\TestLibrary.dll" adapterTypeName="Microsoft.VisualStudio.TestTools.TestTypes.Unit.UnitTestAdapter, Microsoft.VisualStudio.QualityTools.Tips.UnitTest.Adapter, Version=9.0.0.0, Culture=neutral, PublicKeyToken=b03f5f7f11d50a3a" className="com.library.TestLibrary.ClientLibraryTest, TestLibrary" name="TestAddBookAsBook" />
    </UnitTest>
    <UnitTest name="TestLoad" storage="c:\project\a_project\csharp\samplelibapp\testlibrary\bin\debug\testlibrary.dll" id="aa40f25d-d3d7-9006-e6dd-709290e8899a">
      <Css projectStructure="" iteration="" />
      <Owners>
        <Owner name="" />
      </Owners>
      <Execution id="fcf0cdb4-1020-4a24-8a5b-75c560f761f0" />
      <TestMethod codeBase="C:\project\A_project\csharp\SampleLibApp\TestLibrary\bin\Debug\TestLibrary.dll" adapterTypeName="Microsoft.VisualStudio.TestTools.TestTypes.Unit.UnitTestAdapter, Microsoft.VisualStudio.QualityTools.Tips.UnitTest.Adapter, Version=9.0.0.0, Culture=neutral, PublicKeyToken=b03f5f7f11d50a3a" className="com.library.TestLibrary.ClientLibraryTest, TestLibrary" name="TestLoad" />
    </UnitTest>
    <UnitTest name="TestEditBook" storage="c:\project\a_project\csharp\samplelibapp\testlibrary\bin\debug\testlibrary.dll" id="3a30408c-09cf-598c-0f0d-3d0584d476ad">
      <Css projectStructure="" iteration="" />
      <Owners>
        <Owner name="" />
      </Owners>
      <Execution id="33beab04-9b30-4fb1-8510-0338fc56f31b" />
      <TestMethod codeBase="C:\project\A_project\csharp\SampleLibApp\TestLibrary\bin\Debug\TestLibrary.dll" adapterTypeName="Microsoft.VisualStudio.TestTools.TestTypes.Unit.UnitTestAdapter, Microsoft.VisualStudio.QualityTools.Tips.UnitTest.Adapter, Version=9.0.0.0, Culture=neutral, PublicKeyToken=b03f5f7f11d50a3a" className="com.library.TestLibrary.ClientLibraryTest, TestLibrary" name="TestEditBook" />
    </UnitTest>
  </TestDefinitions>
  <TestLists>
    <TestList name="Results Not in a List" id="8c84fa94-04c1-424b-9868-57a2d4851a1d" />
    <TestList name="All Loaded Results" id="19431567-8539-422a-85d7-44ee4e166bda" />
  </TestLists>
  <TestEntries>
    <TestEntry testId="0feeaf3f-d959-3a6e-efdd-513290355099" executionId="65ff9f7a-30ed-48ef-9d8e-e6c3872af2cc" testListId="8c84fa94-04c1-424b-9868-57a2d4851a1d" />
    <TestEntry testId="1e673b12-b7d8-ebc0-50f9-a2fe0f313c93" executionId="48fbe432-186e-4be6-81fb-0e0a805cb884" testListId="8c84fa94-04c1-424b-9868-57a2d4851a1d" />
    <TestEntry testId="1f09df51-8cf8-a494-876e-a55e6dce8758" executionId="14ebcd77-d45f-4808-9220-1fb550c28bac" testListId="8c84fa94-04c1-424b-9868-57a2d4851a1d" />
    <TestEntry testId="24caf18b-d15a-9cbd-a7ea-0362286e3684" executionId="a2273f0c-61f7-41f8-a649-2c407f4ab11e" testListId="8c84fa94-04c1-424b-9868-57a2d4851a1d" />
    <TestEntry testId="3a30408c-09cf-598c-0f0d-3d0584d476ad" executionId="33beab04-9b30-4fb1-8510-0338fc56f31b" testListId="8c84fa94-04c1-424b-9868-57a2d4851a1d" />
    <TestEntry testId="65ae131f-0128-a6df-6103-70131bcb57b4" executionId="0627d312-44af-4d4d-83cf-e7d3b5e87fe9" testListId="8c84fa94-04c1-424b-9868-57a2d4851a1d" />
    <TestEntry testId="a017d254-0a7a-55f4-39a1-86da40cafc66" executionId="5c1964fa-6add-4edd-8f02-90ce29b28060" testListId="8c84fa94-04c1-424b-9868-57a2d4851a1d" />
    <TestEntry testId="aa40f25d-d3d7-9006-e6dd-709290e8899a" executionId="fcf0cdb4-1020-4a24-8a5b-75c560f761f0" testListId="8c84fa94-04c1-424b-9868-57a2d4851a1d" />
    <TestEntry testId="cc8a21ea-bb6b-075e-4c80-2e51ce726453" executionId="a1e2e03d-2dff-437e-95a0-e0d1a1354f74" testListId="8c84fa94-04c1-424b-9868-57a2d4851a1d" />
  </TestEntries>
  <Results>
    <UnitTestResult executionId="65ff9f7a-30ed-48ef-9d8e-e6c3872af2cc" testId="0feeaf3f-d959-3a6e-efdd-513290355099" testName="TestReturnBook" computerName="CNK3T3J" duration="00:00:01.5617460" startTime="2010-05-05T09:56:23.9364598+05:30" endTime="2010-05-05T09:56:25.5494598+05:30" testType="13cdc9d9-ddb5-4fa4-a97d-d965ccfc6d4b" outcome="Passed" testListId="8c84fa94-04c1-424b-9868-57a2d4851a1d">
      <Output>
      </Output>
    </UnitTestResult>
    <UnitTestResult executionId="48fbe432-186e-4be6-81fb-0e0a805cb884" testId="1e673b12-b7d8-ebc0-50f9-a2fe0f313c93" testName="TestSecurity" computerName="CNK3T3J" duration="00:00:00.1471974" startTime="2010-05-05T09:56:25.5494598+05:30" endTime="2010-05-05T09:56:25.6994598+05:30" testType="13cdc9d9-ddb5-4fa4-a97d-d965ccfc6d4b" outcome="Passed" testListId="8c84fa94-04c1-424b-9868-57a2d4851a1d">
      <Output>
      </Output>
    </UnitTestResult>
    <UnitTestResult executionId="14ebcd77-d45f-4808-9220-1fb550c28bac" testId="1f09df51-8cf8-a494-876e-a55e6dce8758" testName="TestGetAllBooks" computerName="CNK3T3J" duration="00:00:00.1115754" startTime="2010-05-05T09:56:25.7004598+05:30" endTime="2010-05-05T09:56:25.8154598+05:30" testType="13cdc9d9-ddb5-4fa4-a97d-d965ccfc6d4b" outcome="Passed" testListId="8c84fa94-04c1-424b-9868-57a2d4851a1d">
      <Output>
      </Output>
    </UnitTestResult>
    <UnitTestResult executionId="a2273f0c-61f7-41f8-a649-2c407f4ab11e" testId="24caf18b-d15a-9cbd-a7ea-0362286e3684" testName="TestIssueBook" computerName="CNK3T3J" duration="00:00:00.1735072" startTime="2010-05-05T09:56:25.8154598+05:30" endTime="2010-05-05T09:56:25.9924598+05:30" testType="13cdc9d9-ddb5-4fa4-a97d-d965ccfc6d4b" outcome="Passed" testListId="8c84fa94-04c1-424b-9868-57a2d4851a1d">
      <Output>
      </Output>
    </UnitTestResult>
    <UnitTestResult executionId="33beab04-9b30-4fb1-8510-0338fc56f31b" testId="3a30408c-09cf-598c-0f0d-3d0584d476ad" testName="TestEditBook" computerName="CNK3T3J" duration="00:00:00.1377694" startTime="2010-05-05T09:56:25.9934598+05:30" endTime="2010-05-05T09:56:26.1334598+05:30" testType="13cdc9d9-ddb5-4fa4-a97d-d965ccfc6d4b" outcome="Passed" testListId="8c84fa94-04c1-424b-9868-57a2d4851a1d">
      <Output>
      </Output>
    </UnitTestResult>
    <UnitTestResult executionId="0627d312-44af-4d4d-83cf-e7d3b5e87fe9" testId="65ae131f-0128-a6df-6103-70131bcb57b4" testName="TestAddBookAsBook" computerName="CNK3T3J" duration="00:00:00.0562922" startTime="2010-05-05T09:56:26.1344598+05:30" endTime="2010-05-05T09:56:26.1924598+05:30" testType="13cdc9d9-ddb5-4fa4-a97d-d965ccfc6d4b" outcome="Passed" testListId="8c84fa94-04c1-424b-9868-57a2d4851a1d">
      <Output>
      </Output>
    </UnitTestResult>
    <UnitTestResult executionId="5c1964fa-6add-4edd-8f02-90ce29b28060" testId="a017d254-0a7a-55f4-39a1-86da40cafc66" testName="TestAddBook" computerName="CNK3T3J" duration="00:00:00.1866562" startTime="2010-05-05T09:56:26.1934598+05:30" endTime="2010-05-05T09:56:26.3894598+05:30" testType="13cdc9d9-ddb5-4fa4-a97d-d965ccfc6d4b" outcome="Passed" testListId="8c84fa94-04c1-424b-9868-57a2d4851a1d">
      <Output>
      </Output>
    </UnitTestResult>
    <UnitTestResult executionId="fcf0cdb4-1020-4a24-8a5b-75c560f761f0" testId="aa40f25d-d3d7-9006-e6dd-709290e8899a" testName="TestLoad" computerName="CNK3T3J" duration="00:00:35.8403134" startTime="2010-05-05T09:56:26.3904598+05:30" endTime="2010-05-05T09:57:02.2324598+05:30" testType="13cdc9d9-ddb5-4fa4-a97d-d965ccfc6d4b" outcome="Passed" testListId="8c84fa94-04c1-424b-9868-57a2d4851a1d">
      <Output>
      </Output>
    </UnitTestResult>
    <UnitTestResult executionId="a1e2e03d-2dff-437e-95a0-e0d1a1354f74" testId="cc8a21ea-bb6b-075e-4c80-2e51ce726453" testName="TestDeleteBook" computerName="CNK3T3J" duration="00:00:00.4189344" startTime="2010-05-05T09:57:02.2324598+05:30" endTime="2010-05-05T09:57:02.6544598+05:30" testType="13cdc9d9-ddb5-4fa4-a97d-d965ccfc6d4b" outcome="Passed" testListId="8c84fa94-04c1-424b-9868-57a2d4851a1d">
      <Output>
      </Output>
    </UnitTestResult>
  </Results>
</TestRun>