<?xml version="1.0" encoding="UTF-8"?>
<TestRun id="fe5365fa-e0b2-40a0-b9c0-dd40026ebcc4" name="welras@CNK3T3J 2010-04-16 12:04:41" runUser="AD\welras" xmlns="http://microsoft.com/schemas/VisualStudio/TeamTest/2006">
  <TestRunConfiguration name="Local Test Run" id="b9a607c5-198a-483e-881f-484a0c7c0d45">
    <Description>This is a default test run configuration for a local test run.</Description>
    <Deployment runDeploymentRoot="C:\project\A_project\csharp\SampleLibApp\TestResults\welras_CNK3T3J 2010-04-16 12_04_41">
      <DeploymentItem filename="C:\project\A_project\csharp\SampleLibApp\WCFClientAPI\bin\Debug\WCFClientAPI.dll" />
    </Deployment>
    <TestTypeSpecific />
  </TestRunConfiguration>
  <ResultSummary outcome="Failed">
    <Counters total="3" executed="3" passed="1" error="0" failed="2" timeout="0" aborted="0" inconclusive="0" passedButRunAborted="0" notRunnable="0" notExecuted="0" disconnected="0" warning="0" completed="0" inProgress="0" pending="0" />
  </ResultSummary>
  <Times creation="2010-04-16T12:04:41.5463038+05:30" queuing="2010-04-16T12:04:43.1054597+05:30" start="2010-04-16T12:04:43.3524844+05:30" finish="2010-04-16T12:05:25.1636651+05:30" />
  <TestDefinitions>
    <UnitTest name="TestUpdateBook" storage="c:\project\a_project\csharp\samplelibapp\testlibrary\bin\debug\testlibrary.dll" id="1031160d-6c4e-282f-29b9-790245629445">
      <Css projectStructure="" iteration="" />
      <Owners>
        <Owner name="" />
      </Owners>
      <Execution id="7fa56a89-0737-4363-ba53-ace6831d9ee2" />
      <TestMethod codeBase="C:\project\A_project\csharp\SampleLibApp\TestLibrary\bin\Debug\TestLibrary.dll" adapterTypeName="Microsoft.VisualStudio.TestTools.TestTypes.Unit.UnitTestAdapter, Microsoft.VisualStudio.QualityTools.Tips.UnitTest.Adapter, Version=9.0.0.0, Culture=neutral, PublicKeyToken=b03f5f7f11d50a3a" className="TestLibrary.LibraryBookTest, TestLibrary" name="TestUpdateBook" />
    </UnitTest>
    <UnitTest name="TestClientAPI" storage="c:\project\a_project\csharp\samplelibapp\testlibrary\bin\debug\testlibrary.dll" id="8e44ae32-a0ee-ecb4-8246-c385621ad65e">
      <Css projectStructure="" iteration="" />
      <Owners>
        <Owner name="" />
      </Owners>
      <Execution id="1f432233-4d00-4617-99fe-d6b4fc8644ef" />
      <TestMethod codeBase="C:\project\A_project\csharp\SampleLibApp\TestLibrary\bin\Debug\TestLibrary.dll" adapterTypeName="Microsoft.VisualStudio.TestTools.TestTypes.Unit.UnitTestAdapter, Microsoft.VisualStudio.QualityTools.Tips.UnitTest.Adapter, Version=9.0.0.0, Culture=neutral, PublicKeyToken=b03f5f7f11d50a3a" className="TestLibrary.ClientLibraryTest, TestLibrary" name="TestClientAPI" />
    </UnitTest>
    <UnitTest name="TestAddBook" storage="c:\project\a_project\csharp\samplelibapp\testlibrary\bin\debug\testlibrary.dll" id="9219ea8d-ca07-718e-60c4-1f2cb1da3842">
      <Css projectStructure="" iteration="" />
      <Owners>
        <Owner name="" />
      </Owners>
      <Execution id="84eeb4a7-0b2f-49b8-b098-c6daf76d2af2" />
      <TestMethod codeBase="C:\project\A_project\csharp\SampleLibApp\TestLibrary\bin\Debug\TestLibrary.dll" adapterTypeName="Microsoft.VisualStudio.TestTools.TestTypes.Unit.UnitTestAdapter, Microsoft.VisualStudio.QualityTools.Tips.UnitTest.Adapter, Version=9.0.0.0, Culture=neutral, PublicKeyToken=b03f5f7f11d50a3a" className="TestLibrary.LibraryBookTest, TestLibrary" name="TestAddBook" />
    </UnitTest>
  </TestDefinitions>
  <TestLists>
    <TestList name="Results Not in a List" id="8c84fa94-04c1-424b-9868-57a2d4851a1d" />
    <TestList name="All Loaded Results" id="19431567-8539-422a-85d7-44ee4e166bda" />
  </TestLists>
  <TestEntries>
    <TestEntry testId="1031160d-6c4e-282f-29b9-790245629445" executionId="7fa56a89-0737-4363-ba53-ace6831d9ee2" testListId="8c84fa94-04c1-424b-9868-57a2d4851a1d" />
    <TestEntry testId="8e44ae32-a0ee-ecb4-8246-c385621ad65e" executionId="1f432233-4d00-4617-99fe-d6b4fc8644ef" testListId="8c84fa94-04c1-424b-9868-57a2d4851a1d" />
    <TestEntry testId="9219ea8d-ca07-718e-60c4-1f2cb1da3842" executionId="84eeb4a7-0b2f-49b8-b098-c6daf76d2af2" testListId="8c84fa94-04c1-424b-9868-57a2d4851a1d" />
  </TestEntries>
  <Results>
    <UnitTestResult executionId="7fa56a89-0737-4363-ba53-ace6831d9ee2" testId="1031160d-6c4e-282f-29b9-790245629445" testName="TestUpdateBook" computerName="CNK3T3J" duration="00:00:00.6026315" startTime="2010-04-16T12:04:43.4164908+05:30" endTime="2010-04-16T12:04:44.2225714+05:30" testType="13cdc9d9-ddb5-4fa4-a97d-d965ccfc6d4b" outcome="Passed" testListId="8c84fa94-04c1-424b-9868-57a2d4851a1d">
      <Output>
      </Output>
    </UnitTestResult>
    <UnitTestResult executionId="1f432233-4d00-4617-99fe-d6b4fc8644ef" testId="8e44ae32-a0ee-ecb4-8246-c385621ad65e" testName="TestClientAPI" computerName="CNK3T3J" duration="00:00:36.8370021" startTime="2010-04-16T12:04:44.2235715+05:30" endTime="2010-04-16T12:05:21.0652553+05:30" testType="13cdc9d9-ddb5-4fa4-a97d-d965ccfc6d4b" outcome="Failed" testListId="8c84fa94-04c1-424b-9868-57a2d4851a1d">
      <Output>
        <ErrorInfo>
          <Message>Test method TestLibrary.ClientLibraryTest.TestClientAPI threw exception:  System.ServiceModel.CommunicationException: An error occurred while receiving the HTTP response to http://localhost:8731/Design_Time_Addresses/WCFServer/LibraryService/. This could be due to the service endpoint binding not using the HTTP protocol. This could also be due to an HTTP request context being aborted by the server (possibly due to the service shutting down). See server logs for more details. ---&gt;  System.Net.WebException: The underlying connection was closed: An unexpected error occurred on a receive. ---&gt;  System.IO.IOException: Unable to read data from the transport connection: An existing connection was forcibly closed by the remote host. ---&gt;  System.Net.Sockets.SocketException: An existing connection was forcibly closed by the remote host.</Message>
          <StackTrace>    at System.Net.Sockets.Socket.Receive(Byte[] buffer, Int32 offset, Int32 size, SocketFlags socketFlags)
   at System.Net.Sockets.NetworkStream.Read(Byte[] buffer, Int32 offset, Int32 size)
 --- End of inner exception stack trace ---
    at System.Net.Sockets.NetworkStream.Read(Byte[] buffer, Int32 offset, Int32 size)
   at System.Net.PooledStream.Read(Byte[] buffer, Int32 offset, Int32 size)
   at System.Net.Connection.SyncRead(HttpWebRequest request, Boolean userRetrievedStream, Boolean probeRead)
 --- End of inner exception stack trace ---
    at System.Net.HttpWebRequest.GetResponse()
   at System.ServiceModel.Channels.HttpChannelFactory.HttpRequestChannel.HttpChannelRequest.WaitForReply(TimeSpan timeout)
 --- End of inner exception stack trace ---
 
Server stack trace: 
   at System.ServiceModel.Channels.HttpChannelUtilities.ProcessGetResponseWebException(WebException webException, HttpWebRequest request, HttpAbortReason abortReason)
   at System.ServiceModel.Channels.HttpChannelFactory.HttpRequestChannel.HttpChannelRequest.WaitForReply(TimeSpan timeout)
   at System.ServiceModel.Channels.RequestChannel.Request(Message message, TimeSpan timeout)
   at System.ServiceModel.Channels.ClientReliableChannelBinder`1.RequestClientReliableChannelBinder`1.OnRequest(TRequestChannel channel, Message message, TimeSpan timeout, MaskingMode maskingMode)
   at System.ServiceModel.Channels.ClientReliableChannelBinder`1.Request(Message message, TimeSpan timeout, MaskingMode maskingMode)
   at System.ServiceModel.Channels.ClientReliableChannelBinder`1.Request(Message message, TimeSpan timeout)
   at System.ServiceModel.Security.SecuritySessionClientSettings`1.SecurityRequestSessionChannel.Request(Message message, TimeSpan timeout)
   at System.ServiceModel.Dispatcher.RequestChannelBinder.Request(Message message, TimeSpan timeout)
   at System.ServiceModel.Channels.ServiceChannel.Call(String action, Boolean oneway, ProxyOperationRuntime operation, Object[] ins, Object[] outs, TimeSpan timeout)
   at System.ServiceModel.Channels.ServiceChannel.Call(String action, Boolean oneway, ProxyOperationRuntime operation, Object[] ins, Object[] outs)
   at System.ServiceModel.Channels.ServiceChannelProxy.InvokeService(IMethodCallMessage methodCall, ProxyOperationRuntime operation)
   at System.ServiceModel.Channels.ServiceChannelProxy.Invoke(IMessage message)
Exception rethrown at [0]: 
   at System.Runtime.Remoting.Proxies.RealProxy.HandleReturnMessage(IMessage reqMsg, IMessage retMsg)
   at System.Runtime.Remoting.Proxies.RealProxy.PrivateInvoke(MessageData&amp; msgData, Int32 type)
   at WCFClientAPI.LibraryService.ILibraryService.AddBook(Book b)
   at WCFClientAPI.LibraryService.LibraryServiceClient.AddBook(Book b) in C:\project\A_project\csharp\SampleLibApp\WCFClientAPI\Service References\LibraryService\Reference.cs:line 154
   at WCFClientAPI.LibraryClient.AddBook(Book b) in C:\project\A_project\csharp\SampleLibApp\WCFClientAPI\LibraryClient.cs:line 20
   at TestLibrary.ClientLibraryTest.TestClientAPI() in C:\project\A_project\csharp\SampleLibApp\TestLibrary\ClientLibraryTest.cs:line 69
</StackTrace>
        </ErrorInfo>
      </Output>
    </UnitTestResult>
    <UnitTestResult executionId="84eeb4a7-0b2f-49b8-b098-c6daf76d2af2" testId="9219ea8d-ca07-718e-60c4-1f2cb1da3842" testName="TestAddBook" computerName="CNK3T3J" duration="00:00:04.0270744" startTime="2010-04-16T12:05:21.0672555+05:30" endTime="2010-04-16T12:05:25.0966584+05:30" testType="13cdc9d9-ddb5-4fa4-a97d-d965ccfc6d4b" outcome="Failed" testListId="8c84fa94-04c1-424b-9868-57a2d4851a1d">
      <Output>
        <ErrorInfo>
          <Message>Test method TestLibrary.LibraryBookTest.TestAddBook threw exception:  System.ServiceModel.EndpointNotFoundException: Could not connect to http://localhost:8731/Design_Time_Addresses/WCFServer/LibraryService/. TCP error code 10061: No connection could be made because the target machine actively refused it 127.0.0.1:8731.  ---&gt;  System.Net.WebException: Unable to connect to the remote server ---&gt;  System.Net.Sockets.SocketException: No connection could be made because the target machine actively refused it 127.0.0.1:8731.</Message>
          <StackTrace>    at System.Net.Sockets.Socket.DoConnect(EndPoint endPointSnapshot, SocketAddress socketAddress)
   at System.Net.Sockets.Socket.InternalConnect(EndPoint remoteEP)
   at System.Net.ServicePoint.ConnectSocketInternal(Boolean connectFailure, Socket s4, Socket s6, Socket&amp; socket, IPAddress&amp; address, ConnectSocketState state, IAsyncResult asyncResult, Int32 timeout, Exception&amp; exception)
 --- End of inner exception stack trace ---
    at System.Net.HttpWebRequest.GetRequestStream(TransportContext&amp; context)
   at System.Net.HttpWebRequest.GetRequestStream()
   at System.ServiceModel.Channels.HttpOutput.WebRequestHttpOutput.GetOutputStream()
 --- End of inner exception stack trace ---
 
Server stack trace: 
   at System.ServiceModel.Security.IssuanceTokenProviderBase`1.DoNegotiation(TimeSpan timeout)
   at System.ServiceModel.Security.SspiNegotiationTokenProvider.OnOpen(TimeSpan timeout)
   at System.ServiceModel.Security.WrapperSecurityCommunicationObject.OnOpen(TimeSpan timeout)
   at System.ServiceModel.Channels.CommunicationObject.Open(TimeSpan timeout)
   at System.ServiceModel.Security.CommunicationObjectSecurityTokenProvider.Open(TimeSpan timeout)
   at System.ServiceModel.Security.SecurityUtils.OpenTokenProviderIfRequired(SecurityTokenProvider tokenProvider, TimeSpan timeout)
   at System.ServiceModel.Security.SymmetricSecurityProtocol.OnOpen(TimeSpan timeout)
   at System.ServiceModel.Security.WrapperSecurityCommunicationObject.OnOpen(TimeSpan timeout)
   at System.ServiceModel.Channels.CommunicationObject.Open(TimeSpan timeout)
   at System.ServiceModel.Channels.SecurityChannelFactory`1.ClientSecurityChannel`1.OnOpen(TimeSpan timeout)
   at System.ServiceModel.Channels.CommunicationObject.Open(TimeSpan timeout)
   at System.ServiceModel.Security.SecuritySessionSecurityTokenProvider.DoOperation(SecuritySessionOperation operation, EndpointAddress target, Uri via, SecurityToken currentToken, TimeSpan timeout)
   at System.ServiceModel.Security.SecuritySessionSecurityTokenProvider.GetTokenCore(TimeSpan timeout)
   at System.IdentityModel.Selectors.SecurityTokenProvider.GetToken(TimeSpan timeout)
   at System.ServiceModel.Security.SecuritySessionClientSettings`1.ClientSecuritySessionChannel.OnOpen(TimeSpan timeout)
   at System.ServiceModel.Channels.CommunicationObject.Open(TimeSpan timeout)
   at System.ServiceModel.Channels.ServiceChannel.OnOpen(TimeSpan timeout)
   at System.ServiceModel.Channels.CommunicationObject.Open(TimeSpan timeout)
   at System.ServiceModel.Channels.ServiceChannel.CallOpenOnce.System.ServiceModel.Channels.ServiceChannel.ICallOnce.Call(ServiceChannel channel, TimeSpan timeout)
   at System.ServiceModel.Channels.ServiceChannel.CallOnceManager.CallOnce(TimeSpan timeout, CallOnceManager cascade)
   at System.ServiceModel.Channels.ServiceChannel.EnsureOpened(TimeSpan timeout)
   at System.ServiceModel.Channels.ServiceChannel.Call(String action, Boolean oneway, ProxyOperationRuntime operation, Object[] ins, Object[] outs, TimeSpan timeout)
   at System.ServiceModel.Channels.ServiceChannel.Call(String action, Boolean oneway, ProxyOperationRuntime operation, Object[] ins, Object[] outs)
   at System.ServiceModel.Channels.ServiceChannelProxy.InvokeService(IMethodCallMessage methodCall, ProxyOperationRuntime operation)
   at System.ServiceModel.Channels.ServiceChannelProxy.Invoke(IMessage message)
Exception rethrown at [0]: 
   at System.Runtime.Remoting.Proxies.RealProxy.HandleReturnMessage(IMessage reqMsg, IMessage retMsg)
   at System.Runtime.Remoting.Proxies.RealProxy.PrivateInvoke(MessageData&amp; msgData, Int32 type)
   at TestLibrary.LibraryService.ILibraryService.AddBook(Book b)
   at TestLibrary.LibraryService.LibraryServiceClient.AddBook(Book b) in C:\project\A_project\csharp\SampleLibApp\TestLibrary\Service References\LibraryService\Reference.cs:line 154
   at TestLibrary.LibraryBookTest.TestAddBook() in C:\project\A_project\csharp\SampleLibApp\TestLibrary\LibraryBookTest.cs:line 70
</StackTrace>
        </ErrorInfo>
      </Output>
    </UnitTestResult>
  </Results>
</TestRun>