<?xml version="1.0" encoding="UTF-8"?>
<TestRun id="dd5a656c-7234-4f68-a8da-434a20d83187" name="welras@CNK3T3J 2010-04-25 16:48:04" runUser="AD\welras" xmlns="http://microsoft.com/schemas/VisualStudio/TeamTest/2006">
  <TestRunConfiguration name="Local Test Run" id="b9a607c5-198a-483e-881f-484a0c7c0d45">
    <Description>This is a default test run configuration for a local test run.</Description>
    <Deployment runDeploymentRoot="C:\project\A_project\csharp\SampleLibApp\TestResults\welras_CNK3T3J 2010-04-25 16_48_04">
      <DeploymentItem filename="C:\project\A_project\csharp\SampleLibApp\ClassLibrary1\bin\Debug\ClassLibrary1.dll" />
      <DeploymentItem filename="C:\project\A_project\csharp\SampleLibApp\WCFClientAPI\bin\Debug\WCFClientAPI.dll" />
    </Deployment>
    <TestTypeSpecific />
  </TestRunConfiguration>
  <ResultSummary outcome="Failed">
    <Counters total="2" executed="2" error="0" failed="2" timeout="0" aborted="0" inconclusive="0" passedButRunAborted="0" notRunnable="0" notExecuted="0" disconnected="0" warning="0" passed="0" completed="0" inProgress="0" pending="0" />
  </ResultSummary>
  <Times creation="2010-04-25T16:48:04.3814249+05:30" queuing="2010-04-25T16:48:04.6394249+05:30" start="2010-04-25T16:48:04.6734249+05:30" finish="2010-04-25T16:48:30.0224249+05:30" />
  <TestDefinitions>
    <UnitTest name="TestClientAPI" storage="c:\project\a_project\csharp\samplelibapp\testlibrary\bin\debug\testlibrary.dll" id="8e44ae32-a0ee-ecb4-8246-c385621ad65e">
      <Css projectStructure="" iteration="" />
      <Owners>
        <Owner name="" />
      </Owners>
      <Execution id="55e9cd5d-a4d1-4e72-b03f-e2c1d22d12b0" />
      <TestMethod codeBase="C:\project\A_project\csharp\SampleLibApp\TestLibrary\bin\Debug\TestLibrary.dll" adapterTypeName="Microsoft.VisualStudio.TestTools.TestTypes.Unit.UnitTestAdapter, Microsoft.VisualStudio.QualityTools.Tips.UnitTest.Adapter, Version=9.0.0.0, Culture=neutral, PublicKeyToken=b03f5f7f11d50a3a" className="TestLibrary.ClientLibraryTest, TestLibrary" name="TestClientAPI" />
    </UnitTest>
    <UnitTest name="TestAddBook" storage="c:\project\a_project\csharp\samplelibapp\testlibrary\bin\debug\testlibrary.dll" id="9219ea8d-ca07-718e-60c4-1f2cb1da3842">
      <Css projectStructure="" iteration="" />
      <Owners>
        <Owner name="" />
      </Owners>
      <Execution id="56435c55-2a6d-4338-b5c0-bcc7beabaf2f" />
      <TestMethod codeBase="C:\project\A_project\csharp\SampleLibApp\TestLibrary\bin\Debug\TestLibrary.dll" adapterTypeName="Microsoft.VisualStudio.TestTools.TestTypes.Unit.UnitTestAdapter, Microsoft.VisualStudio.QualityTools.Tips.UnitTest.Adapter, Version=9.0.0.0, Culture=neutral, PublicKeyToken=b03f5f7f11d50a3a" className="TestLibrary.LibraryBookTest, TestLibrary" name="TestAddBook" />
    </UnitTest>
  </TestDefinitions>
  <TestLists>
    <TestList name="Results Not in a List" id="8c84fa94-04c1-424b-9868-57a2d4851a1d" />
    <TestList name="All Loaded Results" id="19431567-8539-422a-85d7-44ee4e166bda" />
  </TestLists>
  <TestEntries>
    <TestEntry testId="8e44ae32-a0ee-ecb4-8246-c385621ad65e" executionId="55e9cd5d-a4d1-4e72-b03f-e2c1d22d12b0" testListId="8c84fa94-04c1-424b-9868-57a2d4851a1d" />
    <TestEntry testId="9219ea8d-ca07-718e-60c4-1f2cb1da3842" executionId="56435c55-2a6d-4338-b5c0-bcc7beabaf2f" testListId="8c84fa94-04c1-424b-9868-57a2d4851a1d" />
  </TestEntries>
  <Results>
    <UnitTestResult executionId="55e9cd5d-a4d1-4e72-b03f-e2c1d22d12b0" testId="8e44ae32-a0ee-ecb4-8246-c385621ad65e" testName="TestClientAPI" computerName="CNK3T3J" duration="00:00:00.0758782" startTime="2010-04-25T16:48:04.6754249+05:30" endTime="2010-04-25T16:48:04.8204249+05:30" testType="13cdc9d9-ddb5-4fa4-a97d-d965ccfc6d4b" outcome="Failed" testListId="8c84fa94-04c1-424b-9868-57a2d4851a1d">
      <Output>
        <ErrorInfo>
          <Message>Test method TestLibrary.ClientLibraryTest.TestClientAPI threw exception:  System.InvalidOperationException: Could not find default endpoint element that references contract 'LibService.ILibraryService' in the ServiceModel client configuration section. This might be because no configuration file was found for your application, or because no endpoint element matching this contract could be found in the client element..</Message>
          <StackTrace>    at System.ServiceModel.Description.ConfigLoader.LoadChannelBehaviors(ServiceEndpoint serviceEndpoint, String configurationName)
   at System.ServiceModel.ChannelFactory.ApplyConfiguration(String configurationName, Configuration configuration)
   at System.ServiceModel.ChannelFactory.ApplyConfiguration(String configurationName)
   at System.ServiceModel.ChannelFactory.InitializeEndpoint(String configurationName, EndpointAddress address)
   at System.ServiceModel.ChannelFactory`1..ctor(String endpointConfigurationName, EndpointAddress remoteAddress)
   at System.ServiceModel.EndpointTrait`1.CreateSimplexFactory()
   at System.ServiceModel.EndpointTrait`1.CreateChannelFactory()
   at System.ServiceModel.ClientBase`1.CreateChannelFactoryRef(EndpointTrait`1 endpointTrait)
   at System.ServiceModel.ClientBase`1.InitializeChannelFactoryRef()
   at System.ServiceModel.ClientBase`1..ctor()
   at WCFClientAPI.LibService.LibraryServiceClient..ctor() in C:\project\A_project\csharp\SampleLibApp\WCFClientAPI\Service References\LibService\Reference.cs:line 48
   at WCFClientAPI.LibraryClient..ctor() in C:\project\A_project\csharp\SampleLibApp\WCFClientAPI\LibraryClient.cs:line 11
   at TestLibrary.ClientLibraryTest.TestClientAPI() in C:\project\A_project\csharp\SampleLibApp\TestLibrary\ClientLibraryTest.cs:line 68
</StackTrace>
        </ErrorInfo>
      </Output>
    </UnitTestResult>
    <UnitTestResult executionId="56435c55-2a6d-4338-b5c0-bcc7beabaf2f" testId="9219ea8d-ca07-718e-60c4-1f2cb1da3842" testName="TestAddBook" computerName="CNK3T3J" duration="00:00:25.1918365" startTime="2010-04-25T16:48:04.8214249+05:30" endTime="2010-04-25T16:48:30.0154249+05:30" testType="13cdc9d9-ddb5-4fa4-a97d-d965ccfc6d4b" outcome="Failed" testListId="8c84fa94-04c1-424b-9868-57a2d4851a1d">
      <Output>
        <ErrorInfo>
          <Message>Test method TestLibrary.LibraryBookTest.TestAddBook threw exception:  System.ServiceModel.CommunicationException: An error occurred while receiving the HTTP response to http://localhost:8731/Design_Time_Addresses/WCFServer/LibraryService/. This could be due to the service endpoint binding not using the HTTP protocol. This could also be due to an HTTP request context being aborted by the server (possibly due to the service shutting down). See server logs for more details. ---&gt;  System.Net.WebException: The underlying connection was closed: An unexpected error occurred on a receive. ---&gt;  System.IO.IOException: Unable to read data from the transport connection: An existing connection was forcibly closed by the remote host. ---&gt;  System.Net.Sockets.SocketException: An existing connection was forcibly closed by the remote host.</Message>
          <StackTrace>    at System.Net.Sockets.Socket.Receive(Byte[] buffer, Int32 offset, Int32 size, SocketFlags socketFlags)
   at System.Net.Sockets.NetworkStream.Read(Byte[] buffer, Int32 offset, Int32 size)
 --- End of inner exception stack trace ---
    at System.Net.Sockets.NetworkStream.Read(Byte[] buffer, Int32 offset, Int32 size)
   at System.Net.PooledStream.Read(Byte[] buffer, Int32 offset, Int32 size)
   at System.Net.Connection.SyncRead(HttpWebRequest request, Boolean userRetrievedStream, Boolean probeRead)
 --- End of inner exception stack trace ---
    at System.Net.HttpWebRequest.GetResponse()
   at System.ServiceModel.Channels.HttpChannelFactory.HttpRequestChannel.HttpChannelRequest.WaitForReply(TimeSpan timeout)
 --- End of inner exception stack trace ---
 
Server stack trace: 
   at System.ServiceModel.Channels.HttpChannelUtilities.ProcessGetResponseWebException(WebException webException, HttpWebRequest request, HttpAbortReason abortReason)
   at System.ServiceModel.Channels.HttpChannelFactory.HttpRequestChannel.HttpChannelRequest.WaitForReply(TimeSpan timeout)
   at System.ServiceModel.Channels.RequestChannel.Request(Message message, TimeSpan timeout)
   at System.ServiceModel.Channels.ClientReliableChannelBinder`1.RequestClientReliableChannelBinder`1.OnRequest(TRequestChannel channel, Message message, TimeSpan timeout, MaskingMode maskingMode)
   at System.ServiceModel.Channels.ClientReliableChannelBinder`1.Request(Message message, TimeSpan timeout, MaskingMode maskingMode)
   at System.ServiceModel.Channels.ClientReliableChannelBinder`1.Request(Message message, TimeSpan timeout)
   at System.ServiceModel.Security.SecuritySessionClientSettings`1.SecurityRequestSessionChannel.Request(Message message, TimeSpan timeout)
   at System.ServiceModel.Dispatcher.RequestChannelBinder.Request(Message message, TimeSpan timeout)
   at System.ServiceModel.Channels.ServiceChannel.Call(String action, Boolean oneway, ProxyOperationRuntime operation, Object[] ins, Object[] outs, TimeSpan timeout)
   at System.ServiceModel.Channels.ServiceChannel.Call(String action, Boolean oneway, ProxyOperationRuntime operation, Object[] ins, Object[] outs)
   at System.ServiceModel.Channels.ServiceChannelProxy.InvokeService(IMethodCallMessage methodCall, ProxyOperationRuntime operation)
   at System.ServiceModel.Channels.ServiceChannelProxy.Invoke(IMessage message)
Exception rethrown at [0]: 
   at System.Runtime.Remoting.Proxies.RealProxy.HandleReturnMessage(IMessage reqMsg, IMessage retMsg)
   at System.Runtime.Remoting.Proxies.RealProxy.PrivateInvoke(MessageData&amp; msgData, Int32 type)
   at TestLibrary.ServiceReference1.ILibraryService.AddNewBook(Book book)
   at TestLibrary.ServiceReference1.LibraryServiceClient.AddNewBook(Book book) in C:\project\A_project\csharp\SampleLibApp\TestLibrary\Service References\ServiceReference1\Reference.cs:line 76
   at TestLibrary.LibraryBookTest.TestAddBook() in C:\project\A_project\csharp\SampleLibApp\TestLibrary\LibraryBookTest.cs:line 70
</StackTrace>
        </ErrorInfo>
      </Output>
    </UnitTestResult>
  </Results>
</TestRun>