<?xml version="1.0" encoding="UTF-8"?>
<TestRun id="e93bccd7-c16e-4ef7-b299-1104c6a321fb" name="welras@CNK3T3J 2010-04-29 11:10:08" runUser="AD\welras" xmlns="http://microsoft.com/schemas/VisualStudio/TeamTest/2006">
  <TestRunConfiguration name="Local Test Run" id="b9a607c5-198a-483e-881f-484a0c7c0d45">
    <Description>This is a default test run configuration for a local test run.</Description>
    <Deployment userDeploymentRoot="C:\project\A_project\csharp\SampleLibApp\TestResults" useDefaultDeploymentRoot="false" runDeploymentRoot="C:\project\A_project\csharp\SampleLibApp\TestResults\welras_CNK3T3J 2010-04-29 11_10_08" />
    <TestTypeSpecific />
  </TestRunConfiguration>
  <ResultSummary outcome="Failed">
    <Counters total="1" executed="1" error="0" failed="1" timeout="0" aborted="0" inconclusive="0" passedButRunAborted="0" notRunnable="0" notExecuted="0" disconnected="0" warning="0" passed="0" completed="0" inProgress="0" pending="0" />
  </ResultSummary>
  <Times creation="2010-04-29T11:10:08.2631598+05:30" queuing="2010-04-29T11:10:10.7091378+05:30" start="2010-04-29T11:10:10.7511546+05:30" finish="2010-04-29T11:10:11.1193018+05:30" />
  <TestDefinitions>
    <UnitTest name="TestAddBookAsBook" storage="c:\project\a_project\csharp\samplelibapp\testservice\bin\debug\testservice.dll" id="c10f0df2-4fab-83d1-f9f8-7832b162573d">
      <Css projectStructure="" iteration="" />
      <Owners>
        <Owner name="" />
      </Owners>
      <Execution id="5126f64b-d12f-4865-818f-0063d9124e1b" />
      <TestMethod codeBase="C:\project\A_project\csharp\SampleLibApp\TestService\bin\Debug\TestService.dll" adapterTypeName="Microsoft.VisualStudio.TestTools.TestTypes.Unit.UnitTestAdapter, Microsoft.VisualStudio.QualityTools.Tips.UnitTest.Adapter, Version=9.0.0.0, Culture=neutral, PublicKeyToken=b03f5f7f11d50a3a" className="com.library.TestService.LibraryBookTest, TestService" name="TestAddBookAsBook" />
    </UnitTest>
  </TestDefinitions>
  <TestLists>
    <TestList name="Results Not in a List" id="8c84fa94-04c1-424b-9868-57a2d4851a1d" />
    <TestList name="All Loaded Results" id="19431567-8539-422a-85d7-44ee4e166bda" />
  </TestLists>
  <TestEntries>
    <TestEntry testId="c10f0df2-4fab-83d1-f9f8-7832b162573d" executionId="5126f64b-d12f-4865-818f-0063d9124e1b" testListId="8c84fa94-04c1-424b-9868-57a2d4851a1d" />
  </TestEntries>
  <Results>
    <UnitTestResult executionId="5126f64b-d12f-4865-818f-0063d9124e1b" testId="c10f0df2-4fab-83d1-f9f8-7832b162573d" testName="TestAddBookAsBook" computerName="CNK3T3J" duration="00:00:00.2866706" startTime="2010-04-29T11:10:10.7531554+05:30" endTime="2010-04-29T11:10:11.0992938+05:30" testType="13cdc9d9-ddb5-4fa4-a97d-d965ccfc6d4b" outcome="Failed" testListId="8c84fa94-04c1-424b-9868-57a2d4851a1d">
      <Output>
        <ErrorInfo>
          <Message>Assert.AreEqual failed. Expected:&lt;author1&gt;. Actual:&lt;author1                                                                                             &gt;. </Message>
          <StackTrace>   at com.library.TestService.LibraryBookTest.TestAddBookAsBook() in C:\project\A_project\csharp\SampleLibApp\TestService\LibraryBookTest.cs:line 83
</StackTrace>
        </ErrorInfo>
      </Output>
    </UnitTestResult>
  </Results>
</TestRun>