<?xml version="1.0" encoding="UTF-8"?>
<TestRun id="d0e9b1ed-7e4d-477a-9c93-bdccf59f72e0" name="welras@CNK3T3J 2010-04-27 13:40:38" runUser="AD\welras" xmlns="http://microsoft.com/schemas/VisualStudio/TeamTest/2006">
  <TestRunConfiguration name="Local Test Run" id="b9a607c5-198a-483e-881f-484a0c7c0d45">
    <Description>This is a default test run configuration for a local test run.</Description>
    <Deployment runDeploymentRoot="C:\project\A_project\csharp\SampleLibApp\TestResults\welras_CNK3T3J 2010-04-27 13_40_38">
      <DeploymentItem filename="C:\project\A_project\csharp\SampleLibApp\ClassLibrary1\bin\Debug\ClassLibrary1.dll" />
      <DeploymentItem filename="C:\project\A_project\csharp\SampleLibApp\WCFClientAPI\bin\Debug\WCFClientAPI.dll" />
    </Deployment>
    <TestTypeSpecific />
  </TestRunConfiguration>
  <ResultSummary outcome="Completed">
    <Counters total="2" executed="2" passed="2" error="0" failed="0" timeout="0" aborted="0" inconclusive="0" passedButRunAborted="0" notRunnable="0" notExecuted="0" disconnected="0" warning="0" completed="0" inProgress="0" pending="0" />
  </ResultSummary>
  <Times creation="2010-04-27T13:40:38.3104833+05:30" queuing="2010-04-27T13:40:39.8865782+05:30" start="2010-04-27T13:40:40.1518615+05:30" finish="2010-04-27T13:40:40.9415317+05:30" />
  <TestDefinitions>
    <UnitTest name="TestAddBook" storage="c:\project\a_project\csharp\samplelibapp\testlibrary\bin\debug\testlibrary.dll" id="504d4c1b-d150-1046-ae36-5fd01aab3552">
      <Css projectStructure="" iteration="" />
      <Owners>
        <Owner name="" />
      </Owners>
      <Execution id="a427642f-fa99-40c3-b3a7-30f1350036cc" />
      <TestMethod codeBase="C:\project\A_project\csharp\SampleLibApp\TestLibrary\bin\Debug\TestLibrary.dll" adapterTypeName="Microsoft.VisualStudio.TestTools.TestTypes.Unit.UnitTestAdapter, Microsoft.VisualStudio.QualityTools.Tips.UnitTest.Adapter, Version=9.0.0.0, Culture=neutral, PublicKeyToken=b03f5f7f11d50a3a" className="com.library.TestLibrary.LibraryBookTest, TestLibrary" name="TestAddBook" />
    </UnitTest>
    <UnitTest name="TestClientAPI" storage="c:\project\a_project\csharp\samplelibapp\testlibrary\bin\debug\testlibrary.dll" id="fef771e6-5c22-0a9c-6fd1-2764873310a1">
      <Css projectStructure="" iteration="" />
      <Owners>
        <Owner name="" />
      </Owners>
      <Execution id="da960464-5346-4b3d-b6c2-f621d7a98349" />
      <TestMethod codeBase="C:\project\A_project\csharp\SampleLibApp\TestLibrary\bin\Debug\TestLibrary.dll" adapterTypeName="Microsoft.VisualStudio.TestTools.TestTypes.Unit.UnitTestAdapter, Microsoft.VisualStudio.QualityTools.Tips.UnitTest.Adapter, Version=9.0.0.0, Culture=neutral, PublicKeyToken=b03f5f7f11d50a3a" className="com.library.TestLibrary.ClientLibraryTest, TestLibrary" name="TestClientAPI" />
    </UnitTest>
  </TestDefinitions>
  <TestLists>
    <TestList name="Results Not in a List" id="8c84fa94-04c1-424b-9868-57a2d4851a1d" />
    <TestList name="All Loaded Results" id="19431567-8539-422a-85d7-44ee4e166bda" />
  </TestLists>
  <TestEntries>
    <TestEntry testId="504d4c1b-d150-1046-ae36-5fd01aab3552" executionId="a427642f-fa99-40c3-b3a7-30f1350036cc" testListId="8c84fa94-04c1-424b-9868-57a2d4851a1d" />
    <TestEntry testId="fef771e6-5c22-0a9c-6fd1-2764873310a1" executionId="da960464-5346-4b3d-b6c2-f621d7a98349" testListId="8c84fa94-04c1-424b-9868-57a2d4851a1d" />
  </TestEntries>
  <Results>
    <UnitTestResult executionId="a427642f-fa99-40c3-b3a7-30f1350036cc" testId="504d4c1b-d150-1046-ae36-5fd01aab3552" testName="TestAddBook" computerName="CNK3T3J" duration="00:00:00.4381487" startTime="2010-04-27T13:40:40.2142811+05:30" endTime="2010-04-27T13:40:40.8364897+05:30" testType="13cdc9d9-ddb5-4fa4-a97d-d965ccfc6d4b" outcome="Passed" testListId="8c84fa94-04c1-424b-9868-57a2d4851a1d">
      <Output>
      </Output>
    </UnitTestResult>
    <UnitTestResult executionId="da960464-5346-4b3d-b6c2-f621d7a98349" testId="fef771e6-5c22-0a9c-6fd1-2764873310a1" testName="TestClientAPI" computerName="CNK3T3J" duration="00:00:00.0344912" startTime="2010-04-27T13:40:40.8374901+05:30" endTime="2010-04-27T13:40:40.8755053+05:30" testType="13cdc9d9-ddb5-4fa4-a97d-d965ccfc6d4b" outcome="Passed" testListId="8c84fa94-04c1-424b-9868-57a2d4851a1d">
      <Output>
      </Output>
    </UnitTestResult>
  </Results>
</TestRun>