<?xml version="1.0" encoding="UTF-8"?>
<TestRun id="28cecdfb-c284-4406-a738-c073df039ee8" name="welras@CNK3T3J 2010-05-03 11:13:56" runUser="AD\welras" xmlns="http://microsoft.com/schemas/VisualStudio/TeamTest/2006">
  <TestRunConfiguration name="Local Test Run" id="b9a607c5-198a-483e-881f-484a0c7c0d45">
    <Description>This is a default test run configuration for a local test run.</Description>
    <Deployment userDeploymentRoot="C:\project\A_project\csharp\SampleLibApp\TestResults" useDefaultDeploymentRoot="false" runDeploymentRoot="C:\project\A_project\csharp\SampleLibApp\TestResults\welras_CNK3T3J 2010-05-03 11_13_56">
      <DeploymentItem filename="C:\project\A_project\csharp\SampleLibApp\WCFClientAPI\bin\Debug\WCFClientAPI.dll" />
    </Deployment>
    <TestTypeSpecific />
  </TestRunConfiguration>
  <ResultSummary outcome="Failed">
    <Counters total="8" executed="8" passed="1" error="0" failed="7" timeout="0" aborted="0" inconclusive="0" passedButRunAborted="0" notRunnable="0" notExecuted="0" disconnected="0" warning="0" completed="0" inProgress="0" pending="0" />
  </ResultSummary>
  <Times creation="2010-05-03T11:13:56.3096344+05:30" queuing="2010-05-03T11:13:57.8747909+05:30" start="2010-05-03T11:13:57.9087943+05:30" finish="2010-05-03T11:14:30.3480379+05:30" />
  <TestDefinitions>
    <UnitTest name="TestReturnBook" storage="c:\project\a_project\csharp\samplelibapp\testlibrary\bin\debug\testlibrary.dll" id="0feeaf3f-d959-3a6e-efdd-513290355099">
      <Css projectStructure="" iteration="" />
      <Owners>
        <Owner name="" />
      </Owners>
      <Execution id="4647f8b4-e9d7-4ed5-b92b-4937517cb895" />
      <TestMethod codeBase="C:\project\A_project\csharp\SampleLibApp\TestLibrary\bin\Debug\TestLibrary.dll" adapterTypeName="Microsoft.VisualStudio.TestTools.TestTypes.Unit.UnitTestAdapter, Microsoft.VisualStudio.QualityTools.Tips.UnitTest.Adapter, Version=9.0.0.0, Culture=neutral, PublicKeyToken=b03f5f7f11d50a3a" className="com.library.TestLibrary.ClientLibraryTest, TestLibrary" name="TestReturnBook" />
    </UnitTest>
    <UnitTest name="TestIssueBook" storage="c:\project\a_project\csharp\samplelibapp\testlibrary\bin\debug\testlibrary.dll" id="24caf18b-d15a-9cbd-a7ea-0362286e3684">
      <Css projectStructure="" iteration="" />
      <Owners>
        <Owner name="" />
      </Owners>
      <Execution id="7f1f0c2f-594c-426f-8e5f-1cebafe7307d" />
      <TestMethod codeBase="C:\project\A_project\csharp\SampleLibApp\TestLibrary\bin\Debug\TestLibrary.dll" adapterTypeName="Microsoft.VisualStudio.TestTools.TestTypes.Unit.UnitTestAdapter, Microsoft.VisualStudio.QualityTools.Tips.UnitTest.Adapter, Version=9.0.0.0, Culture=neutral, PublicKeyToken=b03f5f7f11d50a3a" className="com.library.TestLibrary.ClientLibraryTest, TestLibrary" name="TestIssueBook" />
    </UnitTest>
    <UnitTest name="TestGetAllBooks" storage="c:\project\a_project\csharp\samplelibapp\testlibrary\bin\debug\testlibrary.dll" id="1f09df51-8cf8-a494-876e-a55e6dce8758">
      <Css projectStructure="" iteration="" />
      <Owners>
        <Owner name="" />
      </Owners>
      <Execution id="ea20d9d7-7e4b-4980-9553-d06e2e97c511" />
      <TestMethod codeBase="C:\project\A_project\csharp\SampleLibApp\TestLibrary\bin\Debug\TestLibrary.dll" adapterTypeName="Microsoft.VisualStudio.TestTools.TestTypes.Unit.UnitTestAdapter, Microsoft.VisualStudio.QualityTools.Tips.UnitTest.Adapter, Version=9.0.0.0, Culture=neutral, PublicKeyToken=b03f5f7f11d50a3a" className="com.library.TestLibrary.ClientLibraryTest, TestLibrary" name="TestGetAllBooks" />
    </UnitTest>
    <UnitTest name="TestAddBook" storage="c:\project\a_project\csharp\samplelibapp\testlibrary\bin\debug\testlibrary.dll" id="a017d254-0a7a-55f4-39a1-86da40cafc66">
      <Css projectStructure="" iteration="" />
      <Owners>
        <Owner name="" />
      </Owners>
      <Execution id="9890c1f8-9e8d-4868-b924-8848827d356b" />
      <TestMethod codeBase="C:\project\A_project\csharp\SampleLibApp\TestLibrary\bin\Debug\TestLibrary.dll" adapterTypeName="Microsoft.VisualStudio.TestTools.TestTypes.Unit.UnitTestAdapter, Microsoft.VisualStudio.QualityTools.Tips.UnitTest.Adapter, Version=9.0.0.0, Culture=neutral, PublicKeyToken=b03f5f7f11d50a3a" className="com.library.TestLibrary.ClientLibraryTest, TestLibrary" name="TestAddBook" />
    </UnitTest>
    <UnitTest name="TestDeleteBook" storage="c:\project\a_project\csharp\samplelibapp\testlibrary\bin\debug\testlibrary.dll" id="cc8a21ea-bb6b-075e-4c80-2e51ce726453">
      <Css projectStructure="" iteration="" />
      <Owners>
        <Owner name="" />
      </Owners>
      <Execution id="9a6516da-d820-414a-b2f6-e400a29f675b" />
      <TestMethod codeBase="C:\project\A_project\csharp\SampleLibApp\TestLibrary\bin\Debug\TestLibrary.dll" adapterTypeName="Microsoft.VisualStudio.TestTools.TestTypes.Unit.UnitTestAdapter, Microsoft.VisualStudio.QualityTools.Tips.UnitTest.Adapter, Version=9.0.0.0, Culture=neutral, PublicKeyToken=b03f5f7f11d50a3a" className="com.library.TestLibrary.ClientLibraryTest, TestLibrary" name="TestDeleteBook" />
    </UnitTest>
    <UnitTest name="TestAddBookAsBook" storage="c:\project\a_project\csharp\samplelibapp\testlibrary\bin\debug\testlibrary.dll" id="65ae131f-0128-a6df-6103-70131bcb57b4">
      <Css projectStructure="" iteration="" />
      <Owners>
        <Owner name="" />
      </Owners>
      <Execution id="f76b0d9c-ecae-4845-8022-19117e7173e3" />
      <TestMethod codeBase="C:\project\A_project\csharp\SampleLibApp\TestLibrary\bin\Debug\TestLibrary.dll" adapterTypeName="Microsoft.VisualStudio.TestTools.TestTypes.Unit.UnitTestAdapter, Microsoft.VisualStudio.QualityTools.Tips.UnitTest.Adapter, Version=9.0.0.0, Culture=neutral, PublicKeyToken=b03f5f7f11d50a3a" className="com.library.TestLibrary.ClientLibraryTest, TestLibrary" name="TestAddBookAsBook" />
    </UnitTest>
    <UnitTest name="TestLoad" storage="c:\project\a_project\csharp\samplelibapp\testlibrary\bin\debug\testlibrary.dll" id="aa40f25d-d3d7-9006-e6dd-709290e8899a">
      <Css projectStructure="" iteration="" />
      <Owners>
        <Owner name="" />
      </Owners>
      <Execution id="e96911bc-81ea-4218-b243-58957aa35e0e" />
      <TestMethod codeBase="C:\project\A_project\csharp\SampleLibApp\TestLibrary\bin\Debug\TestLibrary.dll" adapterTypeName="Microsoft.VisualStudio.TestTools.TestTypes.Unit.UnitTestAdapter, Microsoft.VisualStudio.QualityTools.Tips.UnitTest.Adapter, Version=9.0.0.0, Culture=neutral, PublicKeyToken=b03f5f7f11d50a3a" className="com.library.TestLibrary.ClientLibraryTest, TestLibrary" name="TestLoad" />
    </UnitTest>
    <UnitTest name="TestEditBook" storage="c:\project\a_project\csharp\samplelibapp\testlibrary\bin\debug\testlibrary.dll" id="3a30408c-09cf-598c-0f0d-3d0584d476ad">
      <Css projectStructure="" iteration="" />
      <Owners>
        <Owner name="" />
      </Owners>
      <Execution id="ef218267-a9dc-41ba-9896-3e86d13487fd" />
      <TestMethod codeBase="C:\project\A_project\csharp\SampleLibApp\TestLibrary\bin\Debug\TestLibrary.dll" adapterTypeName="Microsoft.VisualStudio.TestTools.TestTypes.Unit.UnitTestAdapter, Microsoft.VisualStudio.QualityTools.Tips.UnitTest.Adapter, Version=9.0.0.0, Culture=neutral, PublicKeyToken=b03f5f7f11d50a3a" className="com.library.TestLibrary.ClientLibraryTest, TestLibrary" name="TestEditBook" />
    </UnitTest>
  </TestDefinitions>
  <TestLists>
    <TestList name="Results Not in a List" id="8c84fa94-04c1-424b-9868-57a2d4851a1d" />
    <TestList name="All Loaded Results" id="19431567-8539-422a-85d7-44ee4e166bda" />
  </TestLists>
  <TestEntries>
    <TestEntry testId="0feeaf3f-d959-3a6e-efdd-513290355099" executionId="4647f8b4-e9d7-4ed5-b92b-4937517cb895" testListId="8c84fa94-04c1-424b-9868-57a2d4851a1d" />
    <TestEntry testId="1f09df51-8cf8-a494-876e-a55e6dce8758" executionId="ea20d9d7-7e4b-4980-9553-d06e2e97c511" testListId="8c84fa94-04c1-424b-9868-57a2d4851a1d" />
    <TestEntry testId="24caf18b-d15a-9cbd-a7ea-0362286e3684" executionId="7f1f0c2f-594c-426f-8e5f-1cebafe7307d" testListId="8c84fa94-04c1-424b-9868-57a2d4851a1d" />
    <TestEntry testId="3a30408c-09cf-598c-0f0d-3d0584d476ad" executionId="ef218267-a9dc-41ba-9896-3e86d13487fd" testListId="8c84fa94-04c1-424b-9868-57a2d4851a1d" />
    <TestEntry testId="65ae131f-0128-a6df-6103-70131bcb57b4" executionId="f76b0d9c-ecae-4845-8022-19117e7173e3" testListId="8c84fa94-04c1-424b-9868-57a2d4851a1d" />
    <TestEntry testId="a017d254-0a7a-55f4-39a1-86da40cafc66" executionId="9890c1f8-9e8d-4868-b924-8848827d356b" testListId="8c84fa94-04c1-424b-9868-57a2d4851a1d" />
    <TestEntry testId="aa40f25d-d3d7-9006-e6dd-709290e8899a" executionId="e96911bc-81ea-4218-b243-58957aa35e0e" testListId="8c84fa94-04c1-424b-9868-57a2d4851a1d" />
    <TestEntry testId="cc8a21ea-bb6b-075e-4c80-2e51ce726453" executionId="9a6516da-d820-414a-b2f6-e400a29f675b" testListId="8c84fa94-04c1-424b-9868-57a2d4851a1d" />
  </TestEntries>
  <Results>
    <UnitTestResult executionId="4647f8b4-e9d7-4ed5-b92b-4937517cb895" testId="0feeaf3f-d959-3a6e-efdd-513290355099" testName="TestReturnBook" computerName="CNK3T3J" duration="00:00:00.6243850" startTime="2010-05-03T11:13:57.9097944+05:30" endTime="2010-05-03T11:13:58.5828617+05:30" testType="13cdc9d9-ddb5-4fa4-a97d-d965ccfc6d4b" outcome="Failed" testListId="8c84fa94-04c1-424b-9868-57a2d4851a1d">
      <Output>
        <ErrorInfo>
          <Message>Test method com.library.TestLibrary.ClientLibraryTest.TestReturnBook threw exception:  System.Exception: Wrong ISBN...!.</Message>
          <StackTrace>    at com.library.WCFClientAPI.LibraryClient.IssueBook(String isbn, String empName) in C:\project\A_project\csharp\SampleLibApp\WCFClientAPI\LibraryClient.cs:line 135
   at com.library.TestLibrary.ClientLibraryTest.TestReturnBook() in C:\project\A_project\csharp\SampleLibApp\TestLibrary\ClientLibraryTest.cs:line 315
</StackTrace>
        </ErrorInfo>
      </Output>
    </UnitTestResult>
    <UnitTestResult executionId="ea20d9d7-7e4b-4980-9553-d06e2e97c511" testId="1f09df51-8cf8-a494-876e-a55e6dce8758" testName="TestGetAllBooks" computerName="CNK3T3J" duration="00:00:00.1003755" startTime="2010-05-03T11:13:58.5838618+05:30" endTime="2010-05-03T11:13:58.6868721+05:30" testType="13cdc9d9-ddb5-4fa4-a97d-d965ccfc6d4b" outcome="Passed" testListId="8c84fa94-04c1-424b-9868-57a2d4851a1d">
      <Output>
      </Output>
    </UnitTestResult>
    <UnitTestResult executionId="7f1f0c2f-594c-426f-8e5f-1cebafe7307d" testId="24caf18b-d15a-9cbd-a7ea-0362286e3684" testName="TestIssueBook" computerName="CNK3T3J" duration="00:00:00.0781743" startTime="2010-05-03T11:13:58.6878722+05:30" endTime="2010-05-03T11:13:58.7688803+05:30" testType="13cdc9d9-ddb5-4fa4-a97d-d965ccfc6d4b" outcome="Failed" testListId="8c84fa94-04c1-424b-9868-57a2d4851a1d">
      <Output>
        <ErrorInfo>
          <Message>Test method com.library.TestLibrary.ClientLibraryTest.TestIssueBook threw exception:  System.Exception: Wrong ISBN...!.</Message>
          <StackTrace>    at com.library.WCFClientAPI.LibraryClient.IssueBook(String isbn, String empName) in C:\project\A_project\csharp\SampleLibApp\WCFClientAPI\LibraryClient.cs:line 135
   at com.library.TestLibrary.ClientLibraryTest.TestIssueBook() in C:\project\A_project\csharp\SampleLibApp\TestLibrary\ClientLibraryTest.cs:line 262
</StackTrace>
        </ErrorInfo>
      </Output>
    </UnitTestResult>
    <UnitTestResult executionId="ef218267-a9dc-41ba-9896-3e86d13487fd" testId="3a30408c-09cf-598c-0f0d-3d0584d476ad" testName="TestEditBook" computerName="CNK3T3J" duration="00:00:00.0700767" startTime="2010-05-03T11:13:58.7698804+05:30" endTime="2010-05-03T11:13:58.8418876+05:30" testType="13cdc9d9-ddb5-4fa4-a97d-d965ccfc6d4b" outcome="Failed" testListId="8c84fa94-04c1-424b-9868-57a2d4851a1d">
      <Output>
        <ErrorInfo>
          <Message>Test method com.library.TestLibrary.ClientLibraryTest.TestEditBook threw exception:  System.Exception: Wrong ISBN...!.</Message>
          <StackTrace>    at com.library.WCFClientAPI.LibraryClient.UpdateBook(String isbn, String name, String author, String description) in C:\project\A_project\csharp\SampleLibApp\WCFClientAPI\LibraryClient.cs:line 95
   at com.library.TestLibrary.ClientLibraryTest.TestEditBook() in C:\project\A_project\csharp\SampleLibApp\TestLibrary\ClientLibraryTest.cs:line 161
</StackTrace>
        </ErrorInfo>
      </Output>
    </UnitTestResult>
    <UnitTestResult executionId="f76b0d9c-ecae-4845-8022-19117e7173e3" testId="65ae131f-0128-a6df-6103-70131bcb57b4" testName="TestAddBookAsBook" computerName="CNK3T3J" duration="00:00:00.0417012" startTime="2010-05-03T11:13:58.8428877+05:30" endTime="2010-05-03T11:13:58.8928927+05:30" testType="13cdc9d9-ddb5-4fa4-a97d-d965ccfc6d4b" outcome="Failed" testListId="8c84fa94-04c1-424b-9868-57a2d4851a1d">
      <Output>
        <ErrorInfo>
          <Message>Test method com.library.TestLibrary.ClientLibraryTest.TestAddBookAsBook threw exception:  System.NullReferenceException: Object reference not set to an instance of an object..</Message>
          <StackTrace>    at com.library.TestLibrary.ClientLibraryTest.TestAddBookAsBook() in C:\project\A_project\csharp\SampleLibApp\TestLibrary\ClientLibraryTest.cs:line 104
</StackTrace>
        </ErrorInfo>
      </Output>
    </UnitTestResult>
    <UnitTestResult executionId="9890c1f8-9e8d-4868-b924-8848827d356b" testId="a017d254-0a7a-55f4-39a1-86da40cafc66" testName="TestAddBook" computerName="CNK3T3J" duration="00:00:00.0554418" startTime="2010-05-03T11:13:58.8928927+05:30" endTime="2010-05-03T11:13:58.9508985+05:30" testType="13cdc9d9-ddb5-4fa4-a97d-d965ccfc6d4b" outcome="Failed" testListId="8c84fa94-04c1-424b-9868-57a2d4851a1d">
      <Output>
        <ErrorInfo>
          <Message>Test method com.library.TestLibrary.ClientLibraryTest.TestAddBook threw exception:  System.NullReferenceException: Object reference not set to an instance of an object..</Message>
          <StackTrace>    at com.library.TestLibrary.ClientLibraryTest.TestAddBook() in C:\project\A_project\csharp\SampleLibApp\TestLibrary\ClientLibraryTest.cs:line 116
</StackTrace>
        </ErrorInfo>
      </Output>
    </UnitTestResult>
    <UnitTestResult executionId="e96911bc-81ea-4218-b243-58957aa35e0e" testId="aa40f25d-d3d7-9006-e6dd-709290e8899a" testName="TestLoad" computerName="CNK3T3J" duration="00:00:31.0467502" startTime="2010-05-03T11:13:58.9518986+05:30" endTime="2010-05-03T11:14:29.9980029+05:30" testType="13cdc9d9-ddb5-4fa4-a97d-d965ccfc6d4b" outcome="Failed" testListId="8c84fa94-04c1-424b-9868-57a2d4851a1d">
      <Output>
        <ErrorInfo>
          <Message>Test method com.library.TestLibrary.ClientLibraryTest.TestLoad threw exception:  System.NullReferenceException: Object reference not set to an instance of an object..</Message>
          <StackTrace>    at com.library.TestLibrary.ClientLibraryTest.TestLoad() in C:\project\A_project\csharp\SampleLibApp\TestLibrary\ClientLibraryTest.cs:line 250
</StackTrace>
        </ErrorInfo>
      </Output>
    </UnitTestResult>
    <UnitTestResult executionId="9a6516da-d820-414a-b2f6-e400a29f675b" testId="cc8a21ea-bb6b-075e-4c80-2e51ce726453" testName="TestDeleteBook" computerName="CNK3T3J" duration="00:00:00.3285385" startTime="2010-05-03T11:14:29.9990030+05:30" endTime="2010-05-03T11:14:30.3310362+05:30" testType="13cdc9d9-ddb5-4fa4-a97d-d965ccfc6d4b" outcome="Failed" testListId="8c84fa94-04c1-424b-9868-57a2d4851a1d">
      <Output>
        <ErrorInfo>
          <Message>Test method com.library.TestLibrary.ClientLibraryTest.TestDeleteBook threw exception:  System.Exception: Wrong ISBN...!.</Message>
          <StackTrace>    at com.library.WCFClientAPI.LibraryClient.DeleteBook(String isbn) in C:\project\A_project\csharp\SampleLibApp\WCFClientAPI\LibraryClient.cs:line 121
   at com.library.TestLibrary.ClientLibraryTest.TestDeleteBook() in C:\project\A_project\csharp\SampleLibApp\TestLibrary\ClientLibraryTest.cs:line 203
</StackTrace>
        </ErrorInfo>
      </Output>
    </UnitTestResult>
  </Results>
</TestRun>