<?xml version="1.0" encoding="UTF-8"?>
<TestRun id="51ff5577-f18e-430b-9f92-ae5ad7554b57" name="welras@CNK3T3J 2010-04-25 16:50:25" runUser="AD\welras" xmlns="http://microsoft.com/schemas/VisualStudio/TeamTest/2006">
  <TestRunConfiguration name="Local Test Run" id="b9a607c5-198a-483e-881f-484a0c7c0d45">
    <Description>This is a default test run configuration for a local test run.</Description>
    <Deployment userDeploymentRoot="C:\project\A_project\csharp\SampleLibApp\TestResults" useDefaultDeploymentRoot="false" runDeploymentRoot="C:\project\A_project\csharp\SampleLibApp\TestResults\welras_CNK3T3J 2010-04-25 16_50_25">
      <DeploymentItem filename="C:\project\A_project\csharp\SampleLibApp\ClassLibrary1\bin\Debug\ClassLibrary1.dll" />
      <DeploymentItem filename="C:\project\A_project\csharp\SampleLibApp\WCFClientAPI\bin\Debug\WCFClientAPI.dll" />
    </Deployment>
    <TestTypeSpecific />
  </TestRunConfiguration>
  <ResultSummary outcome="Failed">
    <Counters total="1" executed="1" error="0" failed="1" timeout="0" aborted="0" inconclusive="0" passedButRunAborted="0" notRunnable="0" notExecuted="0" disconnected="0" warning="0" passed="0" completed="0" inProgress="0" pending="0" />
  </ResultSummary>
  <Times creation="2010-04-25T16:50:25.7364249+05:30" queuing="2010-04-25T16:50:25.9764249+05:30" start="2010-04-25T16:50:25.9994249+05:30" finish="2010-04-25T16:51:26.5744249+05:30" />
  <TestDefinitions>
    <UnitTest name="TestAddBook" storage="c:\project\a_project\csharp\samplelibapp\testlibrary\bin\debug\testlibrary.dll" id="9219ea8d-ca07-718e-60c4-1f2cb1da3842">
      <Css projectStructure="" iteration="" />
      <Owners>
        <Owner name="" />
      </Owners>
      <Execution id="62b4a69a-762b-435d-9b20-c65f8f2fbf57" />
      <TestMethod codeBase="C:\project\A_project\csharp\SampleLibApp\TestLibrary\bin\Debug\TestLibrary.dll" adapterTypeName="Microsoft.VisualStudio.TestTools.TestTypes.Unit.UnitTestAdapter, Microsoft.VisualStudio.QualityTools.Tips.UnitTest.Adapter, Version=9.0.0.0, Culture=neutral, PublicKeyToken=b03f5f7f11d50a3a" className="TestLibrary.LibraryBookTest, TestLibrary" name="TestAddBook" />
    </UnitTest>
  </TestDefinitions>
  <TestLists>
    <TestList name="Results Not in a List" id="8c84fa94-04c1-424b-9868-57a2d4851a1d" />
    <TestList name="All Loaded Results" id="19431567-8539-422a-85d7-44ee4e166bda" />
  </TestLists>
  <TestEntries>
    <TestEntry testId="9219ea8d-ca07-718e-60c4-1f2cb1da3842" executionId="62b4a69a-762b-435d-9b20-c65f8f2fbf57" testListId="8c84fa94-04c1-424b-9868-57a2d4851a1d" />
  </TestEntries>
  <Results>
    <UnitTestResult executionId="62b4a69a-762b-435d-9b20-c65f8f2fbf57" testId="9219ea8d-ca07-718e-60c4-1f2cb1da3842" testName="TestAddBook" computerName="CNK3T3J" duration="00:01:00.4979575" startTime="2010-04-25T16:50:26.0004249+05:30" endTime="2010-04-25T16:51:26.5554249+05:30" testType="13cdc9d9-ddb5-4fa4-a97d-d965ccfc6d4b" outcome="Failed" testListId="8c84fa94-04c1-424b-9868-57a2d4851a1d">
      <Output>
        <ErrorInfo>
          <Message>Test method TestLibrary.LibraryBookTest.TestAddBook threw exception:  System.TimeoutException: The request channel timed out while waiting for a reply after 00:00:59.9960000. Increase the timeout value passed to the call to Request or increase the SendTimeout value on the Binding. The time allotted to this operation may have been a portion of a longer timeout. ---&gt;  System.TimeoutException: The HTTP request to 'http://localhost:8731/Design_Time_Addresses/WCFServer/LibraryService/' has exceeded the allotted timeout of 00:01:00. The time allotted to this operation may have been a portion of a longer timeout. ---&gt;  System.Net.WebException: The operation has timed out.</Message>
          <StackTrace>    at System.Net.HttpWebRequest.GetResponse()
   at System.ServiceModel.Channels.HttpChannelFactory.HttpRequestChannel.HttpChannelRequest.WaitForReply(TimeSpan timeout)
 --- End of inner exception stack trace ---
    at System.ServiceModel.Channels.HttpChannelUtilities.ProcessGetResponseWebException(WebException webException, HttpWebRequest request, HttpAbortReason abortReason)
   at System.ServiceModel.Channels.HttpChannelFactory.HttpRequestChannel.HttpChannelRequest.WaitForReply(TimeSpan timeout)
   at System.ServiceModel.Channels.RequestChannel.Request(Message message, TimeSpan timeout)
 --- End of inner exception stack trace ---
 
Server stack trace: 
   at System.ServiceModel.Channels.RequestChannel.Request(Message message, TimeSpan timeout)
   at System.ServiceModel.Channels.ClientReliableChannelBinder`1.RequestClientReliableChannelBinder`1.OnRequest(TRequestChannel channel, Message message, TimeSpan timeout, MaskingMode maskingMode)
   at System.ServiceModel.Channels.ClientReliableChannelBinder`1.Request(Message message, TimeSpan timeout, MaskingMode maskingMode)
   at System.ServiceModel.Channels.ClientReliableChannelBinder`1.Request(Message message, TimeSpan timeout)
   at System.ServiceModel.Security.SecuritySessionClientSettings`1.SecurityRequestSessionChannel.Request(Message message, TimeSpan timeout)
   at System.ServiceModel.Dispatcher.RequestChannelBinder.Request(Message message, TimeSpan timeout)
   at System.ServiceModel.Channels.ServiceChannel.Call(String action, Boolean oneway, ProxyOperationRuntime operation, Object[] ins, Object[] outs, TimeSpan timeout)
   at System.ServiceModel.Channels.ServiceChannel.Call(String action, Boolean oneway, ProxyOperationRuntime operation, Object[] ins, Object[] outs)
   at System.ServiceModel.Channels.ServiceChannelProxy.InvokeService(IMethodCallMessage methodCall, ProxyOperationRuntime operation)
   at System.ServiceModel.Channels.ServiceChannelProxy.Invoke(IMessage message)
Exception rethrown at [0]: 
   at System.Runtime.Remoting.Proxies.RealProxy.HandleReturnMessage(IMessage reqMsg, IMessage retMsg)
   at System.Runtime.Remoting.Proxies.RealProxy.PrivateInvoke(MessageData&amp; msgData, Int32 type)
   at TestLibrary.ServiceReference1.ILibraryService.AddNewBook(Book book)
   at TestLibrary.ServiceReference1.LibraryServiceClient.AddNewBook(Book book) in C:\project\A_project\csharp\SampleLibApp\TestLibrary\Service References\ServiceReference1\Reference.cs:line 76
   at TestLibrary.LibraryBookTest.TestAddBook() in C:\project\A_project\csharp\SampleLibApp\TestLibrary\LibraryBookTest.cs:line 70
</StackTrace>
        </ErrorInfo>
      </Output>
    </UnitTestResult>
  </Results>
</TestRun>