<?xml version="1.0" encoding="UTF-8"?>
<TestRun id="4ee6a7a7-5e1f-4499-a4b3-a47d28ff07d4" name="welras@CNK3T3J 2010-04-09 09:07:52" runUser="AD\welras" xmlns="http://microsoft.com/schemas/VisualStudio/TeamTest/2006">
  <TestRunConfiguration name="Local Test Run" id="b9a607c5-198a-483e-881f-484a0c7c0d45">
    <Description>This is a default test run configuration for a local test run.</Description>
    <Deployment runDeploymentRoot="C:\project\A_project\csharp\SampleLibApp\TestResults\welras_CNK3T3J 2010-04-09 09_07_52" />
    <TestTypeSpecific />
  </TestRunConfiguration>
  <ResultSummary outcome="Completed">
    <Counters total="1" executed="1" passed="1" error="0" failed="0" timeout="0" aborted="0" inconclusive="0" passedButRunAborted="0" notRunnable="0" notExecuted="0" disconnected="0" warning="0" completed="0" inProgress="0" pending="0" />
  </ResultSummary>
  <Times creation="2010-04-09T09:07:52.8634219+05:30" queuing="2010-04-09T09:07:54.7646120+05:30" start="2010-04-09T09:07:54.9976353+05:30" finish="2010-04-09T09:07:55.3056661+05:30" />
  <TestDefinitions>
    <UnitTest name="TestMethod1" storage="c:\project\a_project\csharp\samplelibapp\testlibrary\bin\debug\testlibrary.dll" id="92374812-f78d-9031-f6c2-3b21d1d524ad">
      <Css projectStructure="" iteration="" />
      <Owners>
        <Owner name="" />
      </Owners>
      <Execution id="78fef4ad-fbe0-4536-a820-000a7fe5f38a" />
      <TestMethod codeBase="C:\project\A_project\csharp\SampleLibApp\TestLibrary\bin\Debug\TestLibrary.dll" adapterTypeName="Microsoft.VisualStudio.TestTools.TestTypes.Unit.UnitTestAdapter, Microsoft.VisualStudio.QualityTools.Tips.UnitTest.Adapter, Version=9.0.0.0, Culture=neutral, PublicKeyToken=b03f5f7f11d50a3a" className="TestLibrary.UnitTest1, TestLibrary" name="TestMethod1" />
    </UnitTest>
  </TestDefinitions>
  <TestLists>
    <TestList name="Results Not in a List" id="8c84fa94-04c1-424b-9868-57a2d4851a1d" />
    <TestList name="All Loaded Results" id="19431567-8539-422a-85d7-44ee4e166bda" />
  </TestLists>
  <TestEntries>
    <TestEntry testId="92374812-f78d-9031-f6c2-3b21d1d524ad" executionId="78fef4ad-fbe0-4536-a820-000a7fe5f38a" testListId="8c84fa94-04c1-424b-9868-57a2d4851a1d" />
  </TestEntries>
  <Results>
    <UnitTestResult executionId="78fef4ad-fbe0-4536-a820-000a7fe5f38a" testId="92374812-f78d-9031-f6c2-3b21d1d524ad" testName="TestMethod1" computerName="CNK3T3J" duration="00:00:00.0130813" startTime="2010-04-09T09:07:55.0666422+05:30" endTime="2010-04-09T09:07:55.2466602+05:30" testType="13cdc9d9-ddb5-4fa4-a97d-d965ccfc6d4b" outcome="Passed" testListId="8c84fa94-04c1-424b-9868-57a2d4851a1d">
      <Output>
      </Output>
    </UnitTestResult>
  </Results>
</TestRun>