<?xml version="1.0" encoding="UTF-8"?>
<TestRun id="02cd9137-193a-4ad5-a7cd-7d00f7ae37f7" name="welras@CNK3T3J 2010-04-25 17:51:37" runUser="AD\welras" xmlns="http://microsoft.com/schemas/VisualStudio/TeamTest/2006">
  <TestRunConfiguration name="Local Test Run" id="b9a607c5-198a-483e-881f-484a0c7c0d45">
    <Description>This is a default test run configuration for a local test run.</Description>
    <Deployment runDeploymentRoot="C:\project\A_project\csharp\SampleLibApp\TestResults\welras_CNK3T3J 2010-04-25 17_51_37">
      <DeploymentItem filename="C:\project\A_project\csharp\SampleLibApp\ClassLibrary1\bin\Debug\ClassLibrary1.dll" />
      <DeploymentItem filename="C:\project\A_project\csharp\SampleLibApp\WCFClientAPI\bin\Debug\WCFClientAPI.dll" />
    </Deployment>
    <TestTypeSpecific />
  </TestRunConfiguration>
  <ResultSummary outcome="Completed">
    <Counters total="2" executed="2" passed="2" error="0" failed="0" timeout="0" aborted="0" inconclusive="0" passedButRunAborted="0" notRunnable="0" notExecuted="0" disconnected="0" warning="0" completed="0" inProgress="0" pending="0" />
  </ResultSummary>
  <Times creation="2010-04-25T17:51:37.0918182+05:30" queuing="2010-04-25T17:51:37.3348182+05:30" start="2010-04-25T17:51:37.3658182+05:30" finish="2010-04-25T17:51:37.7208182+05:30" />
  <TestDefinitions>
    <UnitTest name="TestClientAPI" storage="c:\project\a_project\csharp\samplelibapp\testlibrary\bin\debug\testlibrary.dll" id="8e44ae32-a0ee-ecb4-8246-c385621ad65e">
      <Css projectStructure="" iteration="" />
      <Owners>
        <Owner name="" />
      </Owners>
      <Execution id="fce3d8b1-dc33-4823-9421-28c42f6423c8" />
      <TestMethod codeBase="C:\project\A_project\csharp\SampleLibApp\TestLibrary\bin\Debug\TestLibrary.dll" adapterTypeName="Microsoft.VisualStudio.TestTools.TestTypes.Unit.UnitTestAdapter, Microsoft.VisualStudio.QualityTools.Tips.UnitTest.Adapter, Version=9.0.0.0, Culture=neutral, PublicKeyToken=b03f5f7f11d50a3a" className="TestLibrary.ClientLibraryTest, TestLibrary" name="TestClientAPI" />
    </UnitTest>
    <UnitTest name="TestAddBook" storage="c:\project\a_project\csharp\samplelibapp\testlibrary\bin\debug\testlibrary.dll" id="9219ea8d-ca07-718e-60c4-1f2cb1da3842">
      <Css projectStructure="" iteration="" />
      <Owners>
        <Owner name="" />
      </Owners>
      <Execution id="6375d70a-6eaa-4de0-a290-aacc96477386" />
      <TestMethod codeBase="C:\project\A_project\csharp\SampleLibApp\TestLibrary\bin\Debug\TestLibrary.dll" adapterTypeName="Microsoft.VisualStudio.TestTools.TestTypes.Unit.UnitTestAdapter, Microsoft.VisualStudio.QualityTools.Tips.UnitTest.Adapter, Version=9.0.0.0, Culture=neutral, PublicKeyToken=b03f5f7f11d50a3a" className="TestLibrary.LibraryBookTest, TestLibrary" name="TestAddBook" />
    </UnitTest>
  </TestDefinitions>
  <TestLists>
    <TestList name="Results Not in a List" id="8c84fa94-04c1-424b-9868-57a2d4851a1d" />
    <TestList name="All Loaded Results" id="19431567-8539-422a-85d7-44ee4e166bda" />
  </TestLists>
  <TestEntries>
    <TestEntry testId="8e44ae32-a0ee-ecb4-8246-c385621ad65e" executionId="fce3d8b1-dc33-4823-9421-28c42f6423c8" testListId="8c84fa94-04c1-424b-9868-57a2d4851a1d" />
    <TestEntry testId="9219ea8d-ca07-718e-60c4-1f2cb1da3842" executionId="6375d70a-6eaa-4de0-a290-aacc96477386" testListId="8c84fa94-04c1-424b-9868-57a2d4851a1d" />
  </TestEntries>
  <Results>
    <UnitTestResult executionId="fce3d8b1-dc33-4823-9421-28c42f6423c8" testId="8e44ae32-a0ee-ecb4-8246-c385621ad65e" testName="TestClientAPI" computerName="CNK3T3J" duration="00:00:00.2385098" startTime="2010-04-25T17:51:37.3668182+05:30" endTime="2010-04-25T17:51:37.6798182+05:30" testType="13cdc9d9-ddb5-4fa4-a97d-d965ccfc6d4b" outcome="Passed" testListId="8c84fa94-04c1-424b-9868-57a2d4851a1d">
      <Output>
      </Output>
    </UnitTestResult>
    <UnitTestResult executionId="6375d70a-6eaa-4de0-a290-aacc96477386" testId="9219ea8d-ca07-718e-60c4-1f2cb1da3842" testName="TestAddBook" computerName="CNK3T3J" duration="00:00:00.0299667" startTime="2010-04-25T17:51:37.6808182+05:30" endTime="2010-04-25T17:51:37.7138182+05:30" testType="13cdc9d9-ddb5-4fa4-a97d-d965ccfc6d4b" outcome="Passed" testListId="8c84fa94-04c1-424b-9868-57a2d4851a1d">
      <Output>
      </Output>
    </UnitTestResult>
  </Results>
</TestRun>