<?xml version="1.0" encoding="UTF-8"?>
<TestRun id="aafb5d02-8f1c-466e-bf4c-2b2c2b8a9940" name="welras@CNK3T3J 2010-04-27 15:57:36" runUser="AD\welras" xmlns="http://microsoft.com/schemas/VisualStudio/TeamTest/2006">
  <TestRunConfiguration name="Local Test Run" id="b9a607c5-198a-483e-881f-484a0c7c0d45">
    <Description>This is a default test run configuration for a local test run.</Description>
    <Deployment runDeploymentRoot="C:\project\A_project\csharp\SampleLibApp\TestResults\welras_CNK3T3J 2010-04-27 15_57_36">
      <DeploymentItem filename="C:\project\A_project\csharp\SampleLibApp\ClassLibrary1\bin\Debug\ClassLibrary1.dll" />
    </Deployment>
    <TestTypeSpecific />
  </TestRunConfiguration>
  <ResultSummary outcome="Failed">
    <Counters total="1" executed="1" error="0" failed="1" timeout="0" aborted="0" inconclusive="0" passedButRunAborted="0" notRunnable="0" notExecuted="0" disconnected="0" warning="0" passed="0" completed="0" inProgress="0" pending="0" />
  </ResultSummary>
  <Times creation="2010-04-27T15:57:36.0405601+05:30" queuing="2010-04-27T15:57:38.1559831+05:30" start="2010-04-27T15:57:38.1849889+05:30" finish="2010-04-27T15:57:38.3530225+05:30" />
  <TestDefinitions>
    <UnitTest name="TestAddBook" storage="c:\project\a_project\csharp\samplelibapp\testlibrary\bin\debug\testlibrary.dll" id="504d4c1b-d150-1046-ae36-5fd01aab3552">
      <Css projectStructure="" iteration="" />
      <Owners>
        <Owner name="" />
      </Owners>
      <Execution id="0795ece7-4bbf-47a4-9365-18c3506cc1c9" />
      <TestMethod codeBase="C:\project\A_project\csharp\SampleLibApp\TestLibrary\bin\Debug\TestLibrary.dll" adapterTypeName="Microsoft.VisualStudio.TestTools.TestTypes.Unit.UnitTestAdapter, Microsoft.VisualStudio.QualityTools.Tips.UnitTest.Adapter, Version=9.0.0.0, Culture=neutral, PublicKeyToken=b03f5f7f11d50a3a" className="com.library.TestLibrary.LibraryBookTest, TestLibrary" name="TestAddBook" />
    </UnitTest>
  </TestDefinitions>
  <TestLists>
    <TestList name="Results Not in a List" id="8c84fa94-04c1-424b-9868-57a2d4851a1d" />
    <TestList name="All Loaded Results" id="19431567-8539-422a-85d7-44ee4e166bda" />
  </TestLists>
  <TestEntries>
    <TestEntry testId="504d4c1b-d150-1046-ae36-5fd01aab3552" executionId="0795ece7-4bbf-47a4-9365-18c3506cc1c9" testListId="8c84fa94-04c1-424b-9868-57a2d4851a1d" />
  </TestEntries>
  <Results>
    <UnitTestResult executionId="0795ece7-4bbf-47a4-9365-18c3506cc1c9" testId="504d4c1b-d150-1046-ae36-5fd01aab3552" testName="TestAddBook" computerName="CNK3T3J" duration="00:00:00.0935313" startTime="2010-04-27T15:57:38.1829885+05:30" endTime="2010-04-27T15:57:38.3470213+05:30" testType="13cdc9d9-ddb5-4fa4-a97d-d965ccfc6d4b" outcome="Failed" testListId="8c84fa94-04c1-424b-9868-57a2d4851a1d">
      <Output>
        <ErrorInfo>
          <Message>Test method com.library.TestLibrary.LibraryBookTest.TestAddBook threw exception:  System.InvalidOperationException: An endpoint configuration section for contract 'ServiceReference1.ILibraryService' could not be loaded because more than one endpoint configuration for that contract was found. Please indicate the preferred endpoint configuration section by name..</Message>
          <StackTrace>    at System.ServiceModel.Description.ConfigLoader.LookupChannel(String configurationName, String contractName, Boolean wildcard)
   at System.ServiceModel.Description.ConfigLoader.LoadChannelBehaviors(ServiceEndpoint serviceEndpoint, String configurationName)
   at System.ServiceModel.ChannelFactory.ApplyConfiguration(String configurationName, Configuration configuration)
   at System.ServiceModel.ChannelFactory.ApplyConfiguration(String configurationName)
   at System.ServiceModel.ChannelFactory.InitializeEndpoint(String configurationName, EndpointAddress address)
   at System.ServiceModel.ChannelFactory`1..ctor(String endpointConfigurationName, EndpointAddress remoteAddress)
   at System.ServiceModel.EndpointTrait`1.CreateSimplexFactory()
   at System.ServiceModel.EndpointTrait`1.CreateChannelFactory()
   at System.ServiceModel.ClientBase`1.CreateChannelFactoryRef(EndpointTrait`1 endpointTrait)
   at System.ServiceModel.ClientBase`1.InitializeChannelFactoryRef()
   at System.ServiceModel.ClientBase`1..ctor()
   at TestLibrary.ServiceReference1.LibraryServiceClient..ctor() in C:\project\A_project\csharp\SampleLibApp\TestLibrary\Service References\ServiceReference1\Reference.cs:line 48
   at com.library.TestLibrary.LibraryBookTest.TestAddBook() in C:\project\A_project\csharp\SampleLibApp\TestLibrary\LibraryBookTest.cs:line 68
</StackTrace>
        </ErrorInfo>
      </Output>
    </UnitTestResult>
  </Results>
</TestRun>